#
# There is insufficient memory for the Java Runtime Environment to continue.
# Native memory allocation (mmap) failed to map 206569472 bytes for G1 virtual space
# Possible reasons:
#   The system is out of physical RAM or swap space
#   The process is running with CompressedOops enabled, and the Java Heap may be blocking the growth of the native heap
# Possible solutions:
#   Reduce memory load on the system
#   Increase physical memory or swap space
#   Check if swap backing store is full
#   Decrease Java heap size (-Xmx/-Xms)
#   Decrease number of Java threads
#   Decrease Java thread stack sizes (-Xss)
#   Set larger code cache with -XX:ReservedCodeCacheSize=
#   JVM is running with Unscaled Compressed Oops mode in which the Java heap is
#     placed in the first 4GB address space. The Java Heap base address is the
#     maximum limit for the native heap growth. Please use -XX:HeapBaseMinAddress
#     to set the Java Heap base and to place the Java Heap above 4GB virtual address.
# This output file may be truncated or incomplete.
#
#  Out of Memory Error (os_windows.cpp:3769), pid=10448, tid=9612
#
# JRE version: OpenJDK Runtime Environment (17.0.6) (build 17.0.6+0-b2043.56-10027231)
# Java VM: OpenJDK 64-Bit Server VM (17.0.6+0-b2043.56-10027231, mixed mode, tiered, compressed oops, compressed class ptrs, g1 gc, windows-amd64)
# No core dump will be written. Minidumps are not enabled by default on client versions of Windows
#

---------------  S U M M A R Y ------------

Command Line: org.jetbrains.kotlin.cli.jvm.K2JVMCompiler @D:\CODE\Jetpack\ManageFootball\app\build\20231104_6794010465219893353.compiler.options

Host: Intel(R) Core(TM) i7-10750H CPU @ 2.60GHz, 12 cores, 7G,  Windows 11 , 64 bit Build 22621 (10.0.22621.2428)
Time: Sat Nov  4 23:15:42 2023 SE Asia Standard Time elapsed time: 14.291887 seconds (0d 0h 0m 14s)

---------------  T H R E A D  ---------------

Current thread (0x000002807b295bd0):  VMThread "VM Thread" [stack: 0x000000b97d800000,0x000000b97d900000] [id=9612]

Stack: [0x000000b97d800000,0x000000b97d900000]
Native frames: (J=compiled Java code, j=interpreted, Vv=VM code, C=native code)
V  [jvm.dll+0x683c9a]
V  [jvm.dll+0x8427a4]
V  [jvm.dll+0x843f9e]
V  [jvm.dll+0x844603]
V  [jvm.dll+0x249b75]
V  [jvm.dll+0x680b69]
V  [jvm.dll+0x67505a]
V  [jvm.dll+0x309acb]
V  [jvm.dll+0x310f86]
V  [jvm.dll+0x3608ee]
V  [jvm.dll+0x360b1f]
V  [jvm.dll+0x2dfbf8]
V  [jvm.dll+0x2ddec4]
V  [jvm.dll+0x2dd4cc]
V  [jvm.dll+0x321f3b]
V  [jvm.dll+0x848ccb]
V  [jvm.dll+0x849a04]
V  [jvm.dll+0x849f1d]
V  [jvm.dll+0x84a2f4]
V  [jvm.dll+0x84a3c0]
V  [jvm.dll+0x7f274a]
V  [jvm.dll+0x682ad5]
C  [ucrtbase.dll+0x29363]
C  [KERNEL32.DLL+0x1257d]
C  [ntdll.dll+0x5aa78]

VM_Operation (0x000000b97d2fd920): G1CollectForAllocation, mode: safepoint, requested by thread 0x0000028061128270


---------------  P R O C E S S  ---------------

Threads class SMR info:
_java_thread_list=0x000002807d4767c0, length=14, elements={
0x0000028061128270, 0x000002807bc13260, 0x000002807bc140d0, 0x000002807b2ad3f0,
0x000002807b2ae260, 0x000002807bc3e420, 0x000002807bc3ece0, 0x000002807bc400f0,
0x000002807bc42010, 0x000002807bc60d40, 0x000002807bdba660, 0x000002807bdce3c0,
0x000002807beec5c0, 0x000002807d765870
}

Java Threads: ( => current thread )
  0x0000028061128270 JavaThread "main" [_thread_blocked, id=17856, stack(0x000000b97d200000,0x000000b97d300000)]
  0x000002807bc13260 JavaThread "Reference Handler" daemon [_thread_blocked, id=16088, stack(0x000000b97d900000,0x000000b97da00000)]
  0x000002807bc140d0 JavaThread "Finalizer" daemon [_thread_blocked, id=3028, stack(0x000000b97da00000,0x000000b97db00000)]
  0x000002807b2ad3f0 JavaThread "Signal Dispatcher" daemon [_thread_blocked, id=2152, stack(0x000000b97db00000,0x000000b97dc00000)]
  0x000002807b2ae260 JavaThread "Attach Listener" daemon [_thread_blocked, id=11240, stack(0x000000b97dc00000,0x000000b97dd00000)]
  0x000002807bc3e420 JavaThread "Service Thread" daemon [_thread_blocked, id=13480, stack(0x000000b97dd00000,0x000000b97de00000)]
  0x000002807bc3ece0 JavaThread "Monitor Deflation Thread" daemon [_thread_blocked, id=15524, stack(0x000000b97de00000,0x000000b97df00000)]
  0x000002807bc400f0 JavaThread "C2 CompilerThread0" daemon [_thread_blocked, id=14000, stack(0x000000b97df00000,0x000000b97e000000)]
  0x000002807bc42010 JavaThread "C1 CompilerThread0" daemon [_thread_blocked, id=13080, stack(0x000000b97e000000,0x000000b97e100000)]
  0x000002807bc60d40 JavaThread "Sweeper thread" daemon [_thread_blocked, id=7772, stack(0x000000b97e100000,0x000000b97e200000)]
  0x000002807bdba660 JavaThread "Notification Thread" daemon [_thread_blocked, id=14428, stack(0x000000b97e200000,0x000000b97e300000)]
  0x000002807bdce3c0 JavaThread "Common-Cleaner" daemon [_thread_blocked, id=2900, stack(0x000000b97e400000,0x000000b97e500000)]
  0x000002807beec5c0 JavaThread "C2 CompilerThread1" daemon [_thread_blocked, id=10844, stack(0x000000b97e500000,0x000000b97e600000)]
  0x000002807d765870 JavaThread "C2 CompilerThread2" daemon [_thread_in_native, id=6480, stack(0x000000b97f100000,0x000000b97f200000)]

Other Threads:
=>0x000002807b295bd0 VMThread "VM Thread" [stack: 0x000000b97d800000,0x000000b97d900000] [id=9612]
  0x00000280611ad640 WatcherThread [stack: 0x000000b97e300000,0x000000b97e400000] [id=16464]
  0x0000028061184ae0 GCTaskThread "GC Thread#0" [stack: 0x000000b97d300000,0x000000b97d400000] [id=2572]
  0x000002807c2f4b20 GCTaskThread "GC Thread#1" [stack: 0x000000b97e600000,0x000000b97e700000] [id=10692]
  0x000002807c318f40 GCTaskThread "GC Thread#2" [stack: 0x000000b97e700000,0x000000b97e800000] [id=9284]
  0x000002807c412c00 GCTaskThread "GC Thread#3" [stack: 0x000000b97e800000,0x000000b97e900000] [id=12248]
  0x000002807c412eb0 GCTaskThread "GC Thread#4" [stack: 0x000000b97e900000,0x000000b97ea00000] [id=8796]
  0x000002807d7477b0 GCTaskThread "GC Thread#5" [stack: 0x000000b97ea00000,0x000000b97eb00000] [id=1908]
  0x000002807d215cf0 GCTaskThread "GC Thread#6" [stack: 0x000000b97eb00000,0x000000b97ec00000] [id=7172]
  0x000002807d3a77b0 GCTaskThread "GC Thread#7" [stack: 0x000000b97ec00000,0x000000b97ed00000] [id=11048]
  0x000002807d3a7a60 GCTaskThread "GC Thread#8" [stack: 0x000000b97ed00000,0x000000b97ee00000] [id=7936]
  0x000002807d3a7250 GCTaskThread "GC Thread#9" [stack: 0x000000b97ee00000,0x000000b97ef00000] [id=15308]
  0x0000028061195620 ConcurrentGCThread "G1 Main Marker" [stack: 0x000000b97d400000,0x000000b97d500000] [id=7764]
  0x0000028061196030 ConcurrentGCThread "G1 Conc#0" [stack: 0x000000b97d500000,0x000000b97d600000] [id=2000]
  0x000002807d3a6cf0 ConcurrentGCThread "G1 Conc#1" [stack: 0x000000b97ef00000,0x000000b97f000000] [id=17712]
  0x000002807d3a7d10 ConcurrentGCThread "G1 Conc#2" [stack: 0x000000b97f000000,0x000000b97f100000] [id=528]
  0x00000280611ee9c0 ConcurrentGCThread "G1 Refine#0" [stack: 0x000000b97d600000,0x000000b97d700000] [id=17168]
  0x0000028000a81820 ConcurrentGCThread "G1 Refine#1" [stack: 0x000000b97f200000,0x000000b97f300000] [id=16900]
  0x0000028000bf6860 ConcurrentGCThread "G1 Refine#2" [stack: 0x000000b97f300000,0x000000b97f400000] [id=15040]
  0x0000028000ae4730 ConcurrentGCThread "G1 Refine#3" [stack: 0x000000b97f400000,0x000000b97f500000] [id=11496]
  0x0000028000ae63f0 ConcurrentGCThread "G1 Refine#4" [stack: 0x000000b97f500000,0x000000b97f600000] [id=16808]
  0x0000028000ae52b0 ConcurrentGCThread "G1 Refine#5" [stack: 0x000000b97f600000,0x000000b97f700000] [id=13708]
  0x0000028000ae6c90 ConcurrentGCThread "G1 Refine#6" [stack: 0x000000b97f700000,0x000000b97f800000] [id=6972]
  0x0000028000ae5b50 ConcurrentGCThread "G1 Refine#7" [stack: 0x000000b97f800000,0x000000b97f900000] [id=4028]
  0x0000028000ae6f70 ConcurrentGCThread "G1 Refine#8" [stack: 0x000000b97f900000,0x000000b97fa00000] [id=6780]
  0x000002807b0ea650 ConcurrentGCThread "G1 Service" [stack: 0x000000b97d700000,0x000000b97d800000] [id=15456]

Threads with active compile tasks:
C2 CompilerThread0    14301 18109       4       org.jetbrains.kotlin.ir.declarations.lazy.IrLazyClass::getSuperTypes (19 bytes)
C2 CompilerThread2    14301 17864       4       org.jetbrains.kotlin.ir.interpreter.checker.EvaluationMode::isMarkedWith (85 bytes)

VM state: at safepoint (normal execution)

VM Mutex/Monitor currently owned by a thread:  ([mutex/lock_event])
[0x0000028061124c90] Threads_lock - owner thread: 0x000002807b295bd0
[0x0000028061124d20] Heap_lock - owner thread: 0x0000028061128270

Heap address: 0x0000000082000000, size: 2016 MB, Compressed Oops mode: 32-bit

CDS archive(s) not mapped
Compressed class space mapped at: 0x0000000100000000-0x0000000140000000, reserved size: 1073741824
Narrow klass base: 0x0000000000000000, Narrow klass shift: 3, Narrow klass range: 0x140000000

GC Precious Log:
 CPUs: 12 total, 12 available
 Memory: 8059M
 Large Page Support: Disabled
 NUMA Support: Disabled
 Compressed Oops: Enabled (32-bit)
 Heap Region Size: 1M
 Heap Min Capacity: 8M
 Heap Initial Capacity: 126M
 Heap Max Capacity: 2016M
 Pre-touch: Disabled
 Parallel Workers: 10
 Concurrent Workers: 3
 Concurrent Refinement Workers: 10
 Periodic GC: Disabled

Heap:
 garbage-first heap   total 285696K, used 140238K [0x0000000082000000, 0x0000000100000000)
  region size 1024K, 3 young (3072K), 3 survivors (3072K)
 Metaspace       used 83977K, committed 84288K, reserved 1130496K
  class space    used 9250K, committed 9408K, reserved 1048576K

Heap Regions: E=young(eden), S=young(survivor), O=old, HS=humongous(starts), HC=humongous(continues), CS=collection set, F=free, OA=open archive, CA=closed archive, TAMS=top-at-mark-start (previous, next)
|   0|0x0000000082000000, 0x0000000082100000, 0x0000000082100000|100%|HS|  |TAMS 0x0000000082100000, 0x0000000082100000| Complete 
|   1|0x0000000082100000, 0x0000000082200000, 0x0000000082200000|100%|HC|  |TAMS 0x0000000082200000, 0x0000000082200000| Complete 
|   2|0x0000000082200000, 0x0000000082300000, 0x0000000082300000|100%|HC|  |TAMS 0x0000000082300000, 0x0000000082300000| Complete 
|   3|0x0000000082300000, 0x0000000082400000, 0x0000000082400000|100%|HC|  |TAMS 0x0000000082400000, 0x0000000082400000| Complete 
|   4|0x0000000082400000, 0x0000000082500000, 0x0000000082500000|100%| O|  |TAMS 0x0000000082500000, 0x0000000082500000| Untracked 
|   5|0x0000000082500000, 0x0000000082600000, 0x0000000082600000|100%| O|  |TAMS 0x0000000082600000, 0x0000000082600000| Untracked 
|   6|0x0000000082600000, 0x0000000082700000, 0x0000000082700000|100%| O|  |TAMS 0x0000000082700000, 0x0000000082700000| Untracked 
|   7|0x0000000082700000, 0x0000000082800000, 0x0000000082800000|100%| O|  |TAMS 0x0000000082800000, 0x0000000082800000| Untracked 
|   8|0x0000000082800000, 0x0000000082900000, 0x0000000082900000|100%|HS|  |TAMS 0x0000000082900000, 0x0000000082900000| Complete 
|   9|0x0000000082900000, 0x0000000082a00000, 0x0000000082a00000|100%|HC|  |TAMS 0x0000000082a00000, 0x0000000082a00000| Complete 
|  10|0x0000000082a00000, 0x0000000082b00000, 0x0000000082b00000|100%|HC|  |TAMS 0x0000000082b00000, 0x0000000082b00000| Complete 
|  11|0x0000000082b00000, 0x0000000082c00000, 0x0000000082c00000|100%|HC|  |TAMS 0x0000000082c00000, 0x0000000082c00000| Complete 
|  12|0x0000000082c00000, 0x0000000082d00000, 0x0000000082d00000|100%| O|  |TAMS 0x0000000082d00000, 0x0000000082d00000| Untracked 
|  13|0x0000000082d00000, 0x0000000082e00000, 0x0000000082e00000|100%| O|  |TAMS 0x0000000082e00000, 0x0000000082e00000| Untracked 
|  14|0x0000000082e00000, 0x0000000082f00000, 0x0000000082f00000|100%| O|  |TAMS 0x0000000082f00000, 0x0000000082f00000| Untracked 
|  15|0x0000000082f00000, 0x0000000083000000, 0x0000000083000000|100%| O|  |TAMS 0x0000000083000000, 0x0000000083000000| Untracked 
|  16|0x0000000083000000, 0x0000000083100000, 0x0000000083100000|100%| O|  |TAMS 0x0000000083100000, 0x0000000083100000| Untracked 
|  17|0x0000000083100000, 0x0000000083200000, 0x0000000083200000|100%| O|  |TAMS 0x0000000083200000, 0x0000000083200000| Untracked 
|  18|0x0000000083200000, 0x0000000083300000, 0x0000000083300000|100%| O|  |TAMS 0x0000000083300000, 0x0000000083300000| Untracked 
|  19|0x0000000083300000, 0x0000000083400000, 0x0000000083400000|100%| O|  |TAMS 0x0000000083400000, 0x0000000083400000| Untracked 
|  20|0x0000000083400000, 0x0000000083500000, 0x0000000083500000|100%| O|  |TAMS 0x0000000083500000, 0x0000000083500000| Untracked 
|  21|0x0000000083500000, 0x0000000083600000, 0x0000000083600000|100%| O|  |TAMS 0x0000000083600000, 0x0000000083600000| Untracked 
|  22|0x0000000083600000, 0x0000000083700000, 0x0000000083700000|100%| O|  |TAMS 0x0000000083700000, 0x0000000083700000| Untracked 
|  23|0x0000000083700000, 0x0000000083800000, 0x0000000083800000|100%| O|  |TAMS 0x0000000083800000, 0x0000000083800000| Untracked 
|  24|0x0000000083800000, 0x0000000083900000, 0x0000000083900000|100%| O|  |TAMS 0x0000000083900000, 0x0000000083900000| Untracked 
|  25|0x0000000083900000, 0x0000000083a00000, 0x0000000083a00000|100%| O|  |TAMS 0x0000000083a00000, 0x0000000083a00000| Untracked 
|  26|0x0000000083a00000, 0x0000000083b00000, 0x0000000083b00000|100%| O|  |TAMS 0x0000000083b00000, 0x0000000083b00000| Untracked 
|  27|0x0000000083b00000, 0x0000000083c00000, 0x0000000083c00000|100%| O|  |TAMS 0x0000000083c00000, 0x0000000083c00000| Untracked 
|  28|0x0000000083c00000, 0x0000000083d00000, 0x0000000083d00000|100%| O|  |TAMS 0x0000000083d00000, 0x0000000083d00000| Untracked 
|  29|0x0000000083d00000, 0x0000000083e00000, 0x0000000083e00000|100%| O|  |TAMS 0x0000000083e00000, 0x0000000083e00000| Untracked 
|  30|0x0000000083e00000, 0x0000000083f00000, 0x0000000083f00000|100%| O|  |TAMS 0x0000000083f00000, 0x0000000083f00000| Untracked 
|  31|0x0000000083f00000, 0x0000000084000000, 0x0000000084000000|100%|HS|  |TAMS 0x0000000084000000, 0x0000000084000000| Complete 
|  32|0x0000000084000000, 0x0000000084100000, 0x0000000084100000|100%|HC|  |TAMS 0x0000000084100000, 0x0000000084100000| Complete 
|  33|0x0000000084100000, 0x0000000084200000, 0x0000000084200000|100%| O|  |TAMS 0x0000000084200000, 0x0000000084200000| Untracked 
|  34|0x0000000084200000, 0x0000000084300000, 0x0000000084300000|100%| O|  |TAMS 0x0000000084300000, 0x0000000084300000| Untracked 
|  35|0x0000000084300000, 0x0000000084400000, 0x0000000084400000|100%| O|  |TAMS 0x0000000084400000, 0x0000000084400000| Untracked 
|  36|0x0000000084400000, 0x0000000084500000, 0x0000000084500000|100%| O|  |TAMS 0x0000000084500000, 0x0000000084500000| Untracked 
|  37|0x0000000084500000, 0x0000000084600000, 0x0000000084600000|100%| O|  |TAMS 0x0000000084600000, 0x0000000084600000| Untracked 
|  38|0x0000000084600000, 0x0000000084700000, 0x0000000084700000|100%| O|  |TAMS 0x0000000084700000, 0x0000000084700000| Untracked 
|  39|0x0000000084700000, 0x0000000084800000, 0x0000000084800000|100%| O|  |TAMS 0x0000000084800000, 0x0000000084800000| Untracked 
|  40|0x0000000084800000, 0x0000000084900000, 0x0000000084900000|100%| O|  |TAMS 0x0000000084900000, 0x0000000084900000| Untracked 
|  41|0x0000000084900000, 0x0000000084a00000, 0x0000000084a00000|100%| O|  |TAMS 0x0000000084a00000, 0x0000000084a00000| Untracked 
|  42|0x0000000084a00000, 0x0000000084a00000, 0x0000000084b00000|  0%| F|  |TAMS 0x0000000084a00000, 0x0000000084a00000| Untracked 
|  43|0x0000000084b00000, 0x0000000084c00000, 0x0000000084c00000|100%| O|  |TAMS 0x0000000084c00000, 0x0000000084c00000| Untracked 
|  44|0x0000000084c00000, 0x0000000084d00000, 0x0000000084d00000|100%| O|  |TAMS 0x0000000084d00000, 0x0000000084d00000| Untracked 
|  45|0x0000000084d00000, 0x0000000084e00000, 0x0000000084e00000|100%| O|  |TAMS 0x0000000084e00000, 0x0000000084e00000| Untracked 
|  46|0x0000000084e00000, 0x0000000084f00000, 0x0000000084f00000|100%| O|  |TAMS 0x0000000084f00000, 0x0000000084f00000| Untracked 
|  47|0x0000000084f00000, 0x0000000085000000, 0x0000000085000000|100%| O|  |TAMS 0x0000000085000000, 0x0000000085000000| Untracked 
|  48|0x0000000085000000, 0x0000000085100000, 0x0000000085100000|100%| O|  |TAMS 0x0000000085100000, 0x0000000085100000| Untracked 
|  49|0x0000000085100000, 0x0000000085200000, 0x0000000085200000|100%| O|  |TAMS 0x0000000085200000, 0x0000000085200000| Untracked 
|  50|0x0000000085200000, 0x0000000085300000, 0x0000000085300000|100%| O|  |TAMS 0x0000000085300000, 0x0000000085300000| Untracked 
|  51|0x0000000085300000, 0x0000000085400000, 0x0000000085400000|100%| O|  |TAMS 0x0000000085400000, 0x0000000085400000| Untracked 
|  52|0x0000000085400000, 0x0000000085500000, 0x0000000085500000|100%| O|  |TAMS 0x0000000085500000, 0x0000000085500000| Untracked 
|  53|0x0000000085500000, 0x0000000085600000, 0x0000000085600000|100%| O|  |TAMS 0x0000000085600000, 0x0000000085600000| Untracked 
|  54|0x0000000085600000, 0x0000000085700000, 0x0000000085700000|100%| O|  |TAMS 0x0000000085700000, 0x0000000085700000| Untracked 
|  55|0x0000000085700000, 0x0000000085800000, 0x0000000085800000|100%| O|  |TAMS 0x0000000085800000, 0x0000000085800000| Untracked 
|  56|0x0000000085800000, 0x0000000085900000, 0x0000000085900000|100%| O|  |TAMS 0x0000000085900000, 0x0000000085900000| Untracked 
|  57|0x0000000085900000, 0x0000000085900000, 0x0000000085a00000|  0%| F|  |TAMS 0x0000000085900000, 0x0000000085900000| Untracked 
|  58|0x0000000085a00000, 0x0000000085b00000, 0x0000000085b00000|100%|HS|  |TAMS 0x0000000085b00000, 0x0000000085b00000| Complete 
|  59|0x0000000085b00000, 0x0000000085c00000, 0x0000000085c00000|100%|HC|  |TAMS 0x0000000085c00000, 0x0000000085c00000| Complete 
|  60|0x0000000085c00000, 0x0000000085d00000, 0x0000000085d00000|100%| O|  |TAMS 0x0000000085d00000, 0x0000000085d00000| Untracked 
|  61|0x0000000085d00000, 0x0000000085e00000, 0x0000000085e00000|100%| O|  |TAMS 0x0000000085e00000, 0x0000000085e00000| Untracked 
|  62|0x0000000085e00000, 0x0000000085f00000, 0x0000000085f00000|100%| O|  |TAMS 0x0000000085f00000, 0x0000000085f00000| Untracked 
|  63|0x0000000085f00000, 0x0000000086000000, 0x0000000086000000|100%| O|  |TAMS 0x0000000086000000, 0x0000000086000000| Untracked 
|  64|0x0000000086000000, 0x0000000086100000, 0x0000000086100000|100%| O|  |TAMS 0x0000000086100000, 0x0000000086100000| Untracked 
|  65|0x0000000086100000, 0x0000000086200000, 0x0000000086200000|100%| O|  |TAMS 0x0000000086200000, 0x0000000086200000| Untracked 
|  66|0x0000000086200000, 0x0000000086300000, 0x0000000086300000|100%| O|  |TAMS 0x0000000086300000, 0x0000000086300000| Untracked 
|  67|0x0000000086300000, 0x0000000086400000, 0x0000000086400000|100%| O|  |TAMS 0x0000000086400000, 0x0000000086400000| Untracked 
|  68|0x0000000086400000, 0x0000000086500000, 0x0000000086500000|100%| O|  |TAMS 0x0000000086500000, 0x0000000086500000| Untracked 
|  69|0x0000000086500000, 0x0000000086600000, 0x0000000086600000|100%| O|  |TAMS 0x0000000086600000, 0x0000000086600000| Untracked 
|  70|0x0000000086600000, 0x0000000086700000, 0x0000000086700000|100%| O|  |TAMS 0x0000000086700000, 0x0000000086700000| Untracked 
|  71|0x0000000086700000, 0x0000000086800000, 0x0000000086800000|100%| O|  |TAMS 0x0000000086800000, 0x0000000086800000| Untracked 
|  72|0x0000000086800000, 0x0000000086900000, 0x0000000086900000|100%| O|  |TAMS 0x0000000086900000, 0x0000000086900000| Untracked 
|  73|0x0000000086900000, 0x0000000086a00000, 0x0000000086a00000|100%| O|  |TAMS 0x0000000086a00000, 0x0000000086a00000| Untracked 
|  74|0x0000000086a00000, 0x0000000086b00000, 0x0000000086b00000|100%| O|  |TAMS 0x0000000086b00000, 0x0000000086b00000| Untracked 
|  75|0x0000000086b00000, 0x0000000086c00000, 0x0000000086c00000|100%| O|  |TAMS 0x0000000086c00000, 0x0000000086c00000| Untracked 
|  76|0x0000000086c00000, 0x0000000086d00000, 0x0000000086d00000|100%| O|  |TAMS 0x0000000086d00000, 0x0000000086d00000| Untracked 
|  77|0x0000000086d00000, 0x0000000086e00000, 0x0000000086e00000|100%| O|  |TAMS 0x0000000086e00000, 0x0000000086e00000| Untracked 
|  78|0x0000000086e00000, 0x0000000086f00000, 0x0000000086f00000|100%| O|  |TAMS 0x0000000086f00000, 0x0000000086f00000| Untracked 
|  79|0x0000000086f00000, 0x0000000087000000, 0x0000000087000000|100%| O|  |TAMS 0x0000000087000000, 0x0000000087000000| Untracked 
|  80|0x0000000087000000, 0x0000000087100000, 0x0000000087100000|100%| O|  |TAMS 0x0000000087100000, 0x0000000087100000| Untracked 
|  81|0x0000000087100000, 0x0000000087200000, 0x0000000087200000|100%| O|  |TAMS 0x0000000087200000, 0x0000000087200000| Untracked 
|  82|0x0000000087200000, 0x0000000087300000, 0x0000000087300000|100%| O|  |TAMS 0x0000000087300000, 0x0000000087300000| Untracked 
|  83|0x0000000087300000, 0x0000000087400000, 0x0000000087400000|100%| O|  |TAMS 0x0000000087400000, 0x0000000087400000| Untracked 
|  84|0x0000000087400000, 0x0000000087500000, 0x0000000087500000|100%| O|  |TAMS 0x0000000087500000, 0x0000000087500000| Untracked 
|  85|0x0000000087500000, 0x0000000087600000, 0x0000000087600000|100%| O|  |TAMS 0x0000000087600000, 0x0000000087600000| Untracked 
|  86|0x0000000087600000, 0x0000000087700000, 0x0000000087700000|100%| O|  |TAMS 0x0000000087700000, 0x0000000087700000| Untracked 
|  87|0x0000000087700000, 0x0000000087800000, 0x0000000087800000|100%| O|  |TAMS 0x0000000087800000, 0x0000000087800000| Untracked 
|  88|0x0000000087800000, 0x0000000087900000, 0x0000000087900000|100%| O|  |TAMS 0x0000000087900000, 0x0000000087900000| Untracked 
|  89|0x0000000087900000, 0x0000000087a00000, 0x0000000087a00000|100%| O|  |TAMS 0x0000000087a00000, 0x0000000087a00000| Untracked 
|  90|0x0000000087a00000, 0x0000000087b00000, 0x0000000087b00000|100%| O|  |TAMS 0x0000000087b00000, 0x0000000087b00000| Untracked 
|  91|0x0000000087b00000, 0x0000000087c00000, 0x0000000087c00000|100%| O|  |TAMS 0x0000000087c00000, 0x0000000087c00000| Untracked 
|  92|0x0000000087c00000, 0x0000000087d00000, 0x0000000087d00000|100%| O|  |TAMS 0x0000000087d00000, 0x0000000087d00000| Untracked 
|  93|0x0000000087d00000, 0x0000000087e00000, 0x0000000087e00000|100%| O|  |TAMS 0x0000000087e00000, 0x0000000087e00000| Untracked 
|  94|0x0000000087e00000, 0x0000000087f00000, 0x0000000087f00000|100%| O|  |TAMS 0x0000000087f00000, 0x0000000087f00000| Untracked 
|  95|0x0000000087f00000, 0x0000000088000000, 0x0000000088000000|100%| O|  |TAMS 0x0000000088000000, 0x0000000088000000| Untracked 
|  96|0x0000000088000000, 0x0000000088100000, 0x0000000088100000|100%| O|  |TAMS 0x0000000088100000, 0x0000000088100000| Untracked 
|  97|0x0000000088100000, 0x0000000088200000, 0x0000000088200000|100%| O|  |TAMS 0x0000000088200000, 0x0000000088200000| Untracked 
|  98|0x0000000088200000, 0x0000000088300000, 0x0000000088300000|100%| O|  |TAMS 0x0000000088300000, 0x0000000088300000| Untracked 
|  99|0x0000000088300000, 0x0000000088400000, 0x0000000088400000|100%| O|  |TAMS 0x0000000088400000, 0x0000000088400000| Untracked 
| 100|0x0000000088400000, 0x0000000088500000, 0x0000000088500000|100%| O|  |TAMS 0x0000000088480e00, 0x0000000088500000| Untracked 
| 101|0x0000000088500000, 0x0000000088600000, 0x0000000088600000|100%| O|  |TAMS 0x0000000088500000, 0x0000000088600000| Untracked 
| 102|0x0000000088600000, 0x0000000088700000, 0x0000000088700000|100%| O|  |TAMS 0x0000000088600000, 0x0000000088700000| Untracked 
| 103|0x0000000088700000, 0x0000000088800000, 0x0000000088800000|100%| O|  |TAMS 0x0000000088700000, 0x0000000088800000| Untracked 
| 104|0x0000000088800000, 0x0000000088900000, 0x0000000088900000|100%| O|  |TAMS 0x0000000088800000, 0x0000000088900000| Untracked 
| 105|0x0000000088900000, 0x0000000088a00000, 0x0000000088a00000|100%| O|  |TAMS 0x0000000088900000, 0x0000000088a00000| Untracked 
| 106|0x0000000088a00000, 0x0000000088b00000, 0x0000000088b00000|100%| O|  |TAMS 0x0000000088a00000, 0x0000000088b00000| Untracked 
| 107|0x0000000088b00000, 0x0000000088c00000, 0x0000000088c00000|100%| O|  |TAMS 0x0000000088b00000, 0x0000000088c00000| Untracked 
| 108|0x0000000088c00000, 0x0000000088d00000, 0x0000000088d00000|100%| O|  |TAMS 0x0000000088c00000, 0x0000000088d00000| Untracked 
| 109|0x0000000088d00000, 0x0000000088e00000, 0x0000000088e00000|100%| O|  |TAMS 0x0000000088d00000, 0x0000000088e00000| Untracked 
| 110|0x0000000088e00000, 0x0000000088f00000, 0x0000000088f00000|100%| O|  |TAMS 0x0000000088e00000, 0x0000000088f00000| Untracked 
| 111|0x0000000088f00000, 0x0000000089000000, 0x0000000089000000|100%| O|  |TAMS 0x0000000088f00000, 0x0000000089000000| Untracked 
| 112|0x0000000089000000, 0x0000000089100000, 0x0000000089100000|100%| O|  |TAMS 0x0000000089000000, 0x0000000089100000| Untracked 
| 113|0x0000000089100000, 0x0000000089200000, 0x0000000089200000|100%| O|  |TAMS 0x0000000089100000, 0x0000000089200000| Untracked 
| 114|0x0000000089200000, 0x0000000089300000, 0x0000000089300000|100%| O|  |TAMS 0x0000000089200000, 0x0000000089300000| Untracked 
| 115|0x0000000089300000, 0x0000000089400000, 0x0000000089400000|100%| O|  |TAMS 0x0000000089300000, 0x0000000089400000| Untracked 
| 116|0x0000000089400000, 0x0000000089500000, 0x0000000089500000|100%| O|  |TAMS 0x0000000089400000, 0x0000000089500000| Untracked 
| 117|0x0000000089500000, 0x0000000089600000, 0x0000000089600000|100%| O|  |TAMS 0x0000000089500000, 0x0000000089600000| Untracked 
| 118|0x0000000089600000, 0x0000000089700000, 0x0000000089700000|100%| O|  |TAMS 0x0000000089600000, 0x0000000089700000| Untracked 
| 119|0x0000000089700000, 0x0000000089800000, 0x0000000089800000|100%| O|  |TAMS 0x0000000089700000, 0x0000000089800000| Untracked 
| 120|0x0000000089800000, 0x0000000089900000, 0x0000000089900000|100%| O|  |TAMS 0x0000000089800000, 0x0000000089900000| Untracked 
| 121|0x0000000089900000, 0x0000000089a00000, 0x0000000089a00000|100%| O|  |TAMS 0x0000000089900000, 0x0000000089a00000| Untracked 
| 122|0x0000000089a00000, 0x0000000089b00000, 0x0000000089b00000|100%| O|  |TAMS 0x0000000089a00000, 0x0000000089b00000| Untracked 
| 123|0x0000000089b00000, 0x0000000089c00000, 0x0000000089c00000|100%| O|  |TAMS 0x0000000089b00000, 0x0000000089c00000| Untracked 
| 124|0x0000000089c00000, 0x0000000089d00000, 0x0000000089d00000|100%| O|  |TAMS 0x0000000089c00000, 0x0000000089d00000| Untracked 
| 125|0x0000000089d00000, 0x0000000089e00000, 0x0000000089e00000|100%| O|  |TAMS 0x0000000089d00000, 0x0000000089e00000| Untracked 
| 126|0x0000000089e00000, 0x0000000089f00000, 0x0000000089f00000|100%| O|  |TAMS 0x0000000089e00000, 0x0000000089f00000| Untracked 
| 127|0x0000000089f00000, 0x000000008a000000, 0x000000008a000000|100%| O|  |TAMS 0x0000000089f00000, 0x000000008a000000| Untracked 
| 128|0x000000008a000000, 0x000000008a100000, 0x000000008a100000|100%| O|  |TAMS 0x000000008a000000, 0x000000008a100000| Untracked 
| 129|0x000000008a100000, 0x000000008a200000, 0x000000008a200000|100%| O|  |TAMS 0x000000008a100000, 0x000000008a200000| Untracked 
| 130|0x000000008a200000, 0x000000008a300000, 0x000000008a300000|100%| O|  |TAMS 0x000000008a200000, 0x000000008a300000| Untracked 
| 131|0x000000008a300000, 0x000000008a400000, 0x000000008a400000|100%| O|  |TAMS 0x000000008a300000, 0x000000008a400000| Untracked 
| 132|0x000000008a400000, 0x000000008a500000, 0x000000008a500000|100%| O|  |TAMS 0x000000008a400000, 0x000000008a500000| Untracked 
| 133|0x000000008a500000, 0x000000008a600000, 0x000000008a600000|100%| O|  |TAMS 0x000000008a500000, 0x000000008a600000| Untracked 
| 134|0x000000008a600000, 0x000000008a700000, 0x000000008a700000|100%| O|  |TAMS 0x000000008a600000, 0x000000008a700000| Untracked 
| 135|0x000000008a700000, 0x000000008a800000, 0x000000008a800000|100%| O|  |TAMS 0x000000008a700000, 0x000000008a800000| Untracked 
| 136|0x000000008a800000, 0x000000008a8d4000, 0x000000008a900000| 82%| O|  |TAMS 0x000000008a800000, 0x000000008a8d4000| Untracked 
| 137|0x000000008a900000, 0x000000008a900000, 0x000000008aa00000|  0%| F|  |TAMS 0x000000008a900000, 0x000000008a900000| Untracked 
| 138|0x000000008aa00000, 0x000000008aa00000, 0x000000008ab00000|  0%| F|  |TAMS 0x000000008aa00000, 0x000000008aa00000| Untracked 
| 139|0x000000008ab00000, 0x000000008ab00000, 0x000000008ac00000|  0%| F|  |TAMS 0x000000008ab00000, 0x000000008ab00000| Untracked 
| 140|0x000000008ac00000, 0x000000008ac00000, 0x000000008ad00000|  0%| F|  |TAMS 0x000000008ac00000, 0x000000008ac00000| Untracked 
| 141|0x000000008ad00000, 0x000000008ad00000, 0x000000008ae00000|  0%| F|  |TAMS 0x000000008ad00000, 0x000000008ad00000| Untracked 
| 142|0x000000008ae00000, 0x000000008ae00000, 0x000000008af00000|  0%| F|  |TAMS 0x000000008ae00000, 0x000000008ae00000| Untracked 
| 143|0x000000008af00000, 0x000000008af00000, 0x000000008b000000|  0%| F|  |TAMS 0x000000008af00000, 0x000000008af00000| Untracked 
| 144|0x000000008b000000, 0x000000008b000000, 0x000000008b100000|  0%| F|  |TAMS 0x000000008b000000, 0x000000008b000000| Untracked 
| 145|0x000000008b100000, 0x000000008b100000, 0x000000008b200000|  0%| F|  |TAMS 0x000000008b100000, 0x000000008b100000| Untracked 
| 146|0x000000008b200000, 0x000000008b200000, 0x000000008b300000|  0%| F|  |TAMS 0x000000008b200000, 0x000000008b200000| Untracked 
| 147|0x000000008b300000, 0x000000008b300000, 0x000000008b400000|  0%| F|  |TAMS 0x000000008b300000, 0x000000008b300000| Untracked 
| 148|0x000000008b400000, 0x000000008b400000, 0x000000008b500000|  0%| F|  |TAMS 0x000000008b400000, 0x000000008b400000| Untracked 
| 149|0x000000008b500000, 0x000000008b500000, 0x000000008b600000|  0%| F|  |TAMS 0x000000008b500000, 0x000000008b500000| Untracked 
| 150|0x000000008b600000, 0x000000008b600000, 0x000000008b700000|  0%| F|  |TAMS 0x000000008b600000, 0x000000008b600000| Untracked 
| 151|0x000000008b700000, 0x000000008b700000, 0x000000008b800000|  0%| F|  |TAMS 0x000000008b700000, 0x000000008b700000| Untracked 
| 152|0x000000008b800000, 0x000000008b800000, 0x000000008b900000|  0%| F|  |TAMS 0x000000008b800000, 0x000000008b800000| Untracked 
| 153|0x000000008b900000, 0x000000008b900000, 0x000000008ba00000|  0%| F|  |TAMS 0x000000008b900000, 0x000000008b900000| Untracked 
| 154|0x000000008ba00000, 0x000000008ba00000, 0x000000008bb00000|  0%| F|  |TAMS 0x000000008ba00000, 0x000000008ba00000| Untracked 
| 155|0x000000008bb00000, 0x000000008bb00000, 0x000000008bc00000|  0%| F|  |TAMS 0x000000008bb00000, 0x000000008bb00000| Untracked 
| 156|0x000000008bc00000, 0x000000008bc00000, 0x000000008bd00000|  0%| F|  |TAMS 0x000000008bc00000, 0x000000008bc00000| Untracked 
| 157|0x000000008bd00000, 0x000000008bd00000, 0x000000008be00000|  0%| F|  |TAMS 0x000000008bd00000, 0x000000008bd00000| Untracked 
| 158|0x000000008be00000, 0x000000008be00000, 0x000000008bf00000|  0%| F|  |TAMS 0x000000008be00000, 0x000000008be00000| Untracked 
| 159|0x000000008bf00000, 0x000000008bf00000, 0x000000008c000000|  0%| F|  |TAMS 0x000000008bf00000, 0x000000008bf00000| Untracked 
| 160|0x000000008c000000, 0x000000008c000000, 0x000000008c100000|  0%| F|  |TAMS 0x000000008c000000, 0x000000008c000000| Untracked 
| 161|0x000000008c100000, 0x000000008c100000, 0x000000008c200000|  0%| F|  |TAMS 0x000000008c100000, 0x000000008c100000| Untracked 
| 162|0x000000008c200000, 0x000000008c200000, 0x000000008c300000|  0%| F|  |TAMS 0x000000008c200000, 0x000000008c200000| Untracked 
| 163|0x000000008c300000, 0x000000008c300000, 0x000000008c400000|  0%| F|  |TAMS 0x000000008c300000, 0x000000008c300000| Untracked 
| 164|0x000000008c400000, 0x000000008c400000, 0x000000008c500000|  0%| F|  |TAMS 0x000000008c400000, 0x000000008c400000| Untracked 
| 165|0x000000008c500000, 0x000000008c500000, 0x000000008c600000|  0%| F|  |TAMS 0x000000008c500000, 0x000000008c500000| Untracked 
| 166|0x000000008c600000, 0x000000008c600000, 0x000000008c700000|  0%| F|  |TAMS 0x000000008c600000, 0x000000008c600000| Untracked 
| 167|0x000000008c700000, 0x000000008c700000, 0x000000008c800000|  0%| F|  |TAMS 0x000000008c700000, 0x000000008c700000| Untracked 
| 168|0x000000008c800000, 0x000000008c800000, 0x000000008c900000|  0%| F|  |TAMS 0x000000008c800000, 0x000000008c800000| Untracked 
| 169|0x000000008c900000, 0x000000008c900000, 0x000000008ca00000|  0%| F|  |TAMS 0x000000008c900000, 0x000000008c900000| Untracked 
| 170|0x000000008ca00000, 0x000000008ca00000, 0x000000008cb00000|  0%| F|  |TAMS 0x000000008ca00000, 0x000000008ca00000| Untracked 
| 171|0x000000008cb00000, 0x000000008cb00000, 0x000000008cc00000|  0%| F|  |TAMS 0x000000008cb00000, 0x000000008cb00000| Untracked 
| 172|0x000000008cc00000, 0x000000008cc00000, 0x000000008cd00000|  0%| F|  |TAMS 0x000000008cc00000, 0x000000008cc00000| Untracked 
| 173|0x000000008cd00000, 0x000000008cd00000, 0x000000008ce00000|  0%| F|  |TAMS 0x000000008cd00000, 0x000000008cd00000| Untracked 
| 174|0x000000008ce00000, 0x000000008ce00000, 0x000000008cf00000|  0%| F|  |TAMS 0x000000008ce00000, 0x000000008ce00000| Untracked 
| 175|0x000000008cf00000, 0x000000008cf00000, 0x000000008d000000|  0%| F|  |TAMS 0x000000008cf00000, 0x000000008cf00000| Untracked 
| 176|0x000000008d000000, 0x000000008d000000, 0x000000008d100000|  0%| F|  |TAMS 0x000000008d000000, 0x000000008d000000| Untracked 
| 177|0x000000008d100000, 0x000000008d100000, 0x000000008d200000|  0%| F|  |TAMS 0x000000008d100000, 0x000000008d100000| Untracked 
| 178|0x000000008d200000, 0x000000008d200000, 0x000000008d300000|  0%| F|  |TAMS 0x000000008d200000, 0x000000008d200000| Untracked 
| 179|0x000000008d300000, 0x000000008d300000, 0x000000008d400000|  0%| F|  |TAMS 0x000000008d300000, 0x000000008d300000| Untracked 
| 180|0x000000008d400000, 0x000000008d400000, 0x000000008d500000|  0%| F|  |TAMS 0x000000008d400000, 0x000000008d400000| Untracked 
| 181|0x000000008d500000, 0x000000008d500000, 0x000000008d600000|  0%| F|  |TAMS 0x000000008d500000, 0x000000008d500000| Untracked 
| 182|0x000000008d600000, 0x000000008d600000, 0x000000008d700000|  0%| F|  |TAMS 0x000000008d600000, 0x000000008d600000| Untracked 
| 183|0x000000008d700000, 0x000000008d71fb00, 0x000000008d800000| 12%| S|CS|TAMS 0x000000008d700000, 0x000000008d700000| Complete 
| 184|0x000000008d800000, 0x000000008d900000, 0x000000008d900000|100%| S|CS|TAMS 0x000000008d800000, 0x000000008d800000| Complete 
| 185|0x000000008d900000, 0x000000008da00000, 0x000000008da00000|100%| S|CS|TAMS 0x000000008d900000, 0x000000008d900000| Complete 
| 186|0x000000008da00000, 0x000000008da00000, 0x000000008db00000|  0%| F|  |TAMS 0x000000008da00000, 0x000000008da00000| Untracked 
| 187|0x000000008db00000, 0x000000008db00000, 0x000000008dc00000|  0%| F|  |TAMS 0x000000008db00000, 0x000000008db00000| Untracked 
| 188|0x000000008dc00000, 0x000000008dc00000, 0x000000008dd00000|  0%| F|  |TAMS 0x000000008dc00000, 0x000000008dc00000| Untracked 
| 189|0x000000008dd00000, 0x000000008dd00000, 0x000000008de00000|  0%| F|  |TAMS 0x000000008dd00000, 0x000000008dd00000| Untracked 
| 190|0x000000008de00000, 0x000000008de00000, 0x000000008df00000|  0%| F|  |TAMS 0x000000008de00000, 0x000000008de00000| Untracked 
| 191|0x000000008df00000, 0x000000008df00000, 0x000000008e000000|  0%| F|  |TAMS 0x000000008df00000, 0x000000008df00000| Untracked 
| 192|0x000000008e000000, 0x000000008e000000, 0x000000008e100000|  0%| F|  |TAMS 0x000000008e000000, 0x000000008e000000| Untracked 
| 193|0x000000008e100000, 0x000000008e100000, 0x000000008e200000|  0%| F|  |TAMS 0x000000008e100000, 0x000000008e100000| Untracked 
| 194|0x000000008e200000, 0x000000008e200000, 0x000000008e300000|  0%| F|  |TAMS 0x000000008e200000, 0x000000008e200000| Untracked 
| 195|0x000000008e300000, 0x000000008e300000, 0x000000008e400000|  0%| F|  |TAMS 0x000000008e300000, 0x000000008e300000| Untracked 
| 196|0x000000008e400000, 0x000000008e400000, 0x000000008e500000|  0%| F|  |TAMS 0x000000008e400000, 0x000000008e400000| Untracked 
| 197|0x000000008e500000, 0x000000008e500000, 0x000000008e600000|  0%| F|  |TAMS 0x000000008e500000, 0x000000008e500000| Untracked 
| 198|0x000000008e600000, 0x000000008e600000, 0x000000008e700000|  0%| F|  |TAMS 0x000000008e600000, 0x000000008e600000| Untracked 
| 199|0x000000008e700000, 0x000000008e700000, 0x000000008e800000|  0%| F|  |TAMS 0x000000008e700000, 0x000000008e700000| Untracked 
| 200|0x000000008e800000, 0x000000008e800000, 0x000000008e900000|  0%| F|  |TAMS 0x000000008e800000, 0x000000008e800000| Untracked 
| 201|0x000000008e900000, 0x000000008e900000, 0x000000008ea00000|  0%| F|  |TAMS 0x000000008e900000, 0x000000008e900000| Untracked 
| 202|0x000000008ea00000, 0x000000008ea00000, 0x000000008eb00000|  0%| F|  |TAMS 0x000000008ea00000, 0x000000008ea00000| Untracked 
| 203|0x000000008eb00000, 0x000000008eb00000, 0x000000008ec00000|  0%| F|  |TAMS 0x000000008eb00000, 0x000000008eb00000| Untracked 
| 204|0x000000008ec00000, 0x000000008ec00000, 0x000000008ed00000|  0%| F|  |TAMS 0x000000008ec00000, 0x000000008ec00000| Untracked 
| 205|0x000000008ed00000, 0x000000008ed00000, 0x000000008ee00000|  0%| F|  |TAMS 0x000000008ed00000, 0x000000008ed00000| Untracked 
| 206|0x000000008ee00000, 0x000000008ee00000, 0x000000008ef00000|  0%| F|  |TAMS 0x000000008ee00000, 0x000000008ee00000| Untracked 
| 207|0x000000008ef00000, 0x000000008ef00000, 0x000000008f000000|  0%| F|  |TAMS 0x000000008ef00000, 0x000000008ef00000| Untracked 
| 208|0x000000008f000000, 0x000000008f000000, 0x000000008f100000|  0%| F|  |TAMS 0x000000008f000000, 0x000000008f000000| Untracked 
| 209|0x000000008f100000, 0x000000008f100000, 0x000000008f200000|  0%| F|  |TAMS 0x000000008f100000, 0x000000008f100000| Untracked 
| 210|0x000000008f200000, 0x000000008f200000, 0x000000008f300000|  0%| F|  |TAMS 0x000000008f200000, 0x000000008f200000| Untracked 
| 211|0x000000008f300000, 0x000000008f300000, 0x000000008f400000|  0%| F|  |TAMS 0x000000008f300000, 0x000000008f300000| Untracked 
| 212|0x000000008f400000, 0x000000008f400000, 0x000000008f500000|  0%| F|  |TAMS 0x000000008f400000, 0x000000008f400000| Untracked 
| 213|0x000000008f500000, 0x000000008f500000, 0x000000008f600000|  0%| F|  |TAMS 0x000000008f500000, 0x000000008f500000| Untracked 
| 214|0x000000008f600000, 0x000000008f600000, 0x000000008f700000|  0%| F|  |TAMS 0x000000008f600000, 0x000000008f600000| Untracked 
| 215|0x000000008f700000, 0x000000008f700000, 0x000000008f800000|  0%| F|  |TAMS 0x000000008f700000, 0x000000008f700000| Untracked 
| 216|0x000000008f800000, 0x000000008f800000, 0x000000008f900000|  0%| F|  |TAMS 0x000000008f800000, 0x000000008f800000| Untracked 
| 217|0x000000008f900000, 0x000000008f900000, 0x000000008fa00000|  0%| F|  |TAMS 0x000000008f900000, 0x000000008f900000| Untracked 
| 218|0x000000008fa00000, 0x000000008fa00000, 0x000000008fb00000|  0%| F|  |TAMS 0x000000008fa00000, 0x000000008fa00000| Untracked 
| 219|0x000000008fb00000, 0x000000008fb00000, 0x000000008fc00000|  0%| F|  |TAMS 0x000000008fb00000, 0x000000008fb00000| Untracked 
| 220|0x000000008fc00000, 0x000000008fc00000, 0x000000008fd00000|  0%| F|  |TAMS 0x000000008fc00000, 0x000000008fc00000| Untracked 
| 221|0x000000008fd00000, 0x000000008fd00000, 0x000000008fe00000|  0%| F|  |TAMS 0x000000008fd00000, 0x000000008fd00000| Untracked 
| 222|0x000000008fe00000, 0x000000008fe00000, 0x000000008ff00000|  0%| F|  |TAMS 0x000000008fe00000, 0x000000008fe00000| Untracked 
| 223|0x000000008ff00000, 0x000000008ff00000, 0x0000000090000000|  0%| F|  |TAMS 0x000000008ff00000, 0x000000008ff00000| Untracked 
| 224|0x0000000090000000, 0x0000000090000000, 0x0000000090100000|  0%| F|  |TAMS 0x0000000090000000, 0x0000000090000000| Untracked 
| 225|0x0000000090100000, 0x0000000090100000, 0x0000000090200000|  0%| F|  |TAMS 0x0000000090100000, 0x0000000090100000| Untracked 
| 226|0x0000000090200000, 0x0000000090200000, 0x0000000090300000|  0%| F|  |TAMS 0x0000000090200000, 0x0000000090200000| Untracked 
| 227|0x0000000090300000, 0x0000000090300000, 0x0000000090400000|  0%| F|  |TAMS 0x0000000090300000, 0x0000000090300000| Untracked 
| 228|0x0000000090400000, 0x0000000090400000, 0x0000000090500000|  0%| F|  |TAMS 0x0000000090400000, 0x0000000090400000| Untracked 
| 229|0x0000000090500000, 0x0000000090500000, 0x0000000090600000|  0%| F|  |TAMS 0x0000000090500000, 0x0000000090500000| Untracked 
| 230|0x0000000090600000, 0x0000000090600000, 0x0000000090700000|  0%| F|  |TAMS 0x0000000090600000, 0x0000000090600000| Untracked 
| 231|0x0000000090700000, 0x0000000090700000, 0x0000000090800000|  0%| F|  |TAMS 0x0000000090700000, 0x0000000090700000| Untracked 
| 232|0x0000000090800000, 0x0000000090800000, 0x0000000090900000|  0%| F|  |TAMS 0x0000000090800000, 0x0000000090800000| Untracked 
| 233|0x0000000090900000, 0x0000000090900000, 0x0000000090a00000|  0%| F|  |TAMS 0x0000000090900000, 0x0000000090900000| Untracked 
| 234|0x0000000090a00000, 0x0000000090a00000, 0x0000000090b00000|  0%| F|  |TAMS 0x0000000090a00000, 0x0000000090a00000| Untracked 
| 235|0x0000000090b00000, 0x0000000090b00000, 0x0000000090c00000|  0%| F|  |TAMS 0x0000000090b00000, 0x0000000090b00000| Untracked 
| 236|0x0000000090c00000, 0x0000000090c00000, 0x0000000090d00000|  0%| F|  |TAMS 0x0000000090c00000, 0x0000000090c00000| Untracked 
| 237|0x0000000090d00000, 0x0000000090d00000, 0x0000000090e00000|  0%| F|  |TAMS 0x0000000090d00000, 0x0000000090d00000| Untracked 
| 238|0x0000000090e00000, 0x0000000090e00000, 0x0000000090f00000|  0%| F|  |TAMS 0x0000000090e00000, 0x0000000090e00000| Untracked 
| 239|0x0000000090f00000, 0x0000000090f00000, 0x0000000091000000|  0%| F|  |TAMS 0x0000000090f00000, 0x0000000090f00000| Untracked 
| 240|0x0000000091000000, 0x0000000091000000, 0x0000000091100000|  0%| F|  |TAMS 0x0000000091000000, 0x0000000091000000| Untracked 
| 241|0x0000000091100000, 0x0000000091100000, 0x0000000091200000|  0%| F|  |TAMS 0x0000000091100000, 0x0000000091100000| Untracked 
| 242|0x0000000091200000, 0x0000000091200000, 0x0000000091300000|  0%| F|  |TAMS 0x0000000091200000, 0x0000000091200000| Untracked 
| 243|0x0000000091300000, 0x0000000091300000, 0x0000000091400000|  0%| F|  |TAMS 0x0000000091300000, 0x0000000091300000| Untracked 
| 244|0x0000000091400000, 0x0000000091400000, 0x0000000091500000|  0%| F|  |TAMS 0x0000000091400000, 0x0000000091400000| Untracked 
| 245|0x0000000091500000, 0x0000000091500000, 0x0000000091600000|  0%| F|  |TAMS 0x0000000091500000, 0x0000000091500000| Untracked 
| 246|0x0000000091600000, 0x0000000091600000, 0x0000000091700000|  0%| F|  |TAMS 0x0000000091600000, 0x0000000091600000| Untracked 
| 247|0x0000000091700000, 0x0000000091700000, 0x0000000091800000|  0%| F|  |TAMS 0x0000000091700000, 0x0000000091700000| Untracked 
| 248|0x0000000091800000, 0x0000000091800000, 0x0000000091900000|  0%| F|  |TAMS 0x0000000091800000, 0x0000000091800000| Untracked 
| 249|0x0000000091900000, 0x0000000091900000, 0x0000000091a00000|  0%| F|  |TAMS 0x0000000091900000, 0x0000000091900000| Untracked 
| 250|0x0000000091a00000, 0x0000000091a00000, 0x0000000091b00000|  0%| F|  |TAMS 0x0000000091a00000, 0x0000000091a00000| Untracked 
| 251|0x0000000091b00000, 0x0000000091b00000, 0x0000000091c00000|  0%| F|  |TAMS 0x0000000091b00000, 0x0000000091b00000| Untracked 
| 252|0x0000000091c00000, 0x0000000091c00000, 0x0000000091d00000|  0%| F|  |TAMS 0x0000000091c00000, 0x0000000091c00000| Untracked 
| 253|0x0000000091d00000, 0x0000000091d00000, 0x0000000091e00000|  0%| F|  |TAMS 0x0000000091d00000, 0x0000000091d00000| Untracked 
| 254|0x0000000091e00000, 0x0000000091e00000, 0x0000000091f00000|  0%| F|  |TAMS 0x0000000091e00000, 0x0000000091e00000| Untracked 
| 255|0x0000000091f00000, 0x0000000091f00000, 0x0000000092000000|  0%| F|  |TAMS 0x0000000091f00000, 0x0000000091f00000| Untracked 
| 256|0x0000000092000000, 0x0000000092000000, 0x0000000092100000|  0%| F|  |TAMS 0x0000000092000000, 0x0000000092000000| Untracked 
| 257|0x0000000092100000, 0x0000000092100000, 0x0000000092200000|  0%| F|  |TAMS 0x0000000092100000, 0x0000000092100000| Untracked 
| 258|0x0000000092200000, 0x0000000092200000, 0x0000000092300000|  0%| F|  |TAMS 0x0000000092200000, 0x0000000092200000| Untracked 
| 259|0x0000000092300000, 0x0000000092300000, 0x0000000092400000|  0%| F|  |TAMS 0x0000000092300000, 0x0000000092300000| Untracked 
| 260|0x0000000092400000, 0x0000000092400000, 0x0000000092500000|  0%| F|  |TAMS 0x0000000092400000, 0x0000000092400000| Untracked 
| 261|0x0000000092500000, 0x0000000092500000, 0x0000000092600000|  0%| F|  |TAMS 0x0000000092500000, 0x0000000092500000| Untracked 
| 262|0x0000000092600000, 0x0000000092600000, 0x0000000092700000|  0%| F|  |TAMS 0x0000000092600000, 0x0000000092600000| Untracked 
| 263|0x0000000092700000, 0x0000000092700000, 0x0000000092800000|  0%| F|  |TAMS 0x0000000092700000, 0x0000000092700000| Untracked 
| 264|0x0000000092800000, 0x0000000092800000, 0x0000000092900000|  0%| F|  |TAMS 0x0000000092800000, 0x0000000092800000| Untracked 
| 265|0x0000000092900000, 0x0000000092900000, 0x0000000092a00000|  0%| F|  |TAMS 0x0000000092900000, 0x0000000092900000| Untracked 
| 266|0x0000000092a00000, 0x0000000092a00000, 0x0000000092b00000|  0%| F|  |TAMS 0x0000000092a00000, 0x0000000092a00000| Untracked 
| 267|0x0000000092b00000, 0x0000000092b00000, 0x0000000092c00000|  0%| F|  |TAMS 0x0000000092b00000, 0x0000000092b00000| Untracked 
| 268|0x0000000092c00000, 0x0000000092c00000, 0x0000000092d00000|  0%| F|  |TAMS 0x0000000092c00000, 0x0000000092c00000| Untracked 
| 269|0x0000000092d00000, 0x0000000092d00000, 0x0000000092e00000|  0%| F|  |TAMS 0x0000000092d00000, 0x0000000092d00000| Untracked 
| 270|0x0000000092e00000, 0x0000000092e00000, 0x0000000092f00000|  0%| F|  |TAMS 0x0000000092e00000, 0x0000000092e00000| Untracked 
| 271|0x0000000092f00000, 0x0000000092f00000, 0x0000000093000000|  0%| F|  |TAMS 0x0000000092f00000, 0x0000000092f00000| Untracked 
| 272|0x0000000093000000, 0x0000000093000000, 0x0000000093100000|  0%| F|  |TAMS 0x0000000093000000, 0x0000000093000000| Untracked 
| 273|0x0000000093100000, 0x0000000093100000, 0x0000000093200000|  0%| F|  |TAMS 0x0000000093100000, 0x0000000093100000| Untracked 
| 274|0x0000000093200000, 0x0000000093200000, 0x0000000093300000|  0%| F|  |TAMS 0x0000000093200000, 0x0000000093200000| Untracked 
| 275|0x0000000093300000, 0x0000000093300000, 0x0000000093400000|  0%| F|  |TAMS 0x0000000093300000, 0x0000000093300000| Untracked 
| 276|0x0000000093400000, 0x0000000093400000, 0x0000000093500000|  0%| F|  |TAMS 0x0000000093400000, 0x0000000093400000| Untracked 
| 277|0x0000000093500000, 0x0000000093500000, 0x0000000093600000|  0%| F|  |TAMS 0x0000000093500000, 0x0000000093500000| Untracked 
| 278|0x0000000093600000, 0x0000000093600000, 0x0000000093700000|  0%| F|  |TAMS 0x0000000093600000, 0x0000000093600000| Untracked 

Card table byte_map: [0x0000028073f30000,0x0000028074320000] _byte_map_base: 0x0000028073b20000

Marking Bits (Prev, Next): (CMBitMap*) 0x0000028061185130, (CMBitMap*) 0x00000280611850f0
 Prev Bits: [0x0000028076690000, 0x0000028078610000)
 Next Bits: [0x0000028074710000, 0x0000028076690000)

Polling page: 0x000002805f0e0000

Metaspace:

Usage:
  Non-class:     72.98 MB used.
      Class:      9.03 MB used.
       Both:     82.01 MB used.

Virtual space:
  Non-class space:       80.00 MB reserved,      73.12 MB ( 91%) committed,  10 nodes.
      Class space:        1.00 GB reserved,       9.19 MB ( <1%) committed,  1 nodes.
             Both:        1.08 GB reserved,      82.31 MB (  7%) committed. 

Chunk freelists:
   Non-Class:  2.62 MB
       Class:  2.83 MB
        Both:  5.45 MB

MaxMetaspaceSize: unlimited
CompressedClassSpaceSize: 1.00 GB
Initial GC threshold: 21.00 MB
Current GC threshold: 128.38 MB
CDS: off
MetaspaceReclaimPolicy: balanced
 - commit_granule_bytes: 65536.
 - commit_granule_words: 8192.
 - virtual_space_node_default_size: 1048576.
 - enlarge_chunks_in_place: 1.
 - new_chunks_are_fully_committed: 0.
 - uncommit_free_chunks: 1.
 - use_allocation_guard: 0.
 - handle_deallocations: 1.


Internal statistics:

num_allocs_failed_limit: 6.
num_arena_births: 494.
num_arena_deaths: 0.
num_vsnodes_births: 11.
num_vsnodes_deaths: 0.
num_space_committed: 1315.
num_space_uncommitted: 0.
num_chunks_returned_to_freelist: 6.
num_chunks_taken_from_freelist: 3304.
num_chunk_merges: 6.
num_chunk_splits: 2565.
num_chunks_enlarged: 2154.
num_purges: 0.
num_inconsistent_stats: 0.

CodeHeap 'non-profiled nmethods': size=120000Kb used=9647Kb max_used=9647Kb free=110352Kb
 bounds [0x000002806c0c0000, 0x000002806ca30000, 0x00000280735f0000]
CodeHeap 'profiled nmethods': size=120000Kb used=42411Kb max_used=42546Kb free=77588Kb
 bounds [0x00000280645f0000, 0x0000028066f90000, 0x000002806bb20000]
CodeHeap 'non-nmethods': size=5760Kb used=1407Kb max_used=1504Kb free=4352Kb
 bounds [0x000002806bb20000, 0x000002806bd90000, 0x000002806c0c0000]
 total_blobs=15469 nmethods=14737 adapters=640
 compilation: enabled
              stopped_count=0, restarted_count=0
 full_count=0

Compilation events (20 events):
Event: 14.281 Thread 0x000002807bc42010 18098       1       org.jetbrains.kotlin.backend.jvm.JvmBackendContext::getOptimizeLoopsOverUnsignedArrays (2 bytes)
Event: 14.281 Thread 0x000002807bc42010 nmethod 18098 0x000002806ca2ad90 code [0x000002806ca2af20, 0x000002806ca2aff8]
Event: 14.281 Thread 0x000002807bc42010 18101       1       org.jetbrains.kotlin.backend.common.ir.BuiltinSymbolsBase::getProgressionClasses (5 bytes)
Event: 14.281 Thread 0x000002807bc42010 nmethod 18101 0x000002806ca2b090 code [0x000002806ca2b220, 0x000002806ca2b2f8]
Event: 14.283 Thread 0x000002807bc42010 18102       3       org.jetbrains.kotlin.backend.common.ClassLoweringVisitor::visitSimpleFunction (13 bytes)
Event: 14.283 Thread 0x000002807beec5c0 nmethod 18100 0x000002806ca2b390 code [0x000002806ca2b520, 0x000002806ca2ba78]
Event: 14.283 Thread 0x000002807bc42010 nmethod 18102 0x00000280652e3c10 code [0x00000280652e3f00, 0x00000280652e4cd8]
Event: 14.283 Thread 0x000002807bc42010 18103       3       org.jetbrains.kotlin.backend.common.ClassLoweringVisitor::visitElement (15 bytes)
Event: 14.283 Thread 0x000002807bc42010 nmethod 18103 0x00000280652e2910 code [0x00000280652e2bc0, 0x00000280652e3788]
Event: 14.283 Thread 0x000002807bc42010 18105       3       org.jetbrains.kotlin.ir.types.IrTypeUtilsKt::isStrictSubtypeOfClass (97 bytes)
Event: 14.284 Thread 0x000002807bc400f0 18109       4       org.jetbrains.kotlin.ir.declarations.lazy.IrLazyClass::getSuperTypes (19 bytes)
Event: 14.284 Thread 0x000002807bc42010 nmethod 18105 0x00000280662fbd10 code [0x00000280662fc040, 0x00000280662fd338]
Event: 14.284 Thread 0x000002807bc42010 18108       3       org.jetbrains.kotlin.backend.common.ClassLoweringVisitor::visitExpression (6 bytes)
Event: 14.284 Thread 0x000002807bc42010 nmethod 18108 0x00000280662fa410 code [0x00000280662fa740, 0x00000280662fb748]
Event: 14.284 Thread 0x000002807bc42010 18104       3       org.jetbrains.kotlin.ir.types.IrTypeUtilsKt::isSubtypeOfClass (40 bytes)
Event: 14.285 Thread 0x000002807bc42010 nmethod 18104 0x00000280662f9190 code [0x00000280662f9440, 0x00000280662fa038]
Event: 14.285 Thread 0x000002807bc42010 18106       3       org.jetbrains.kotlin.ir.types.IrTypeUtilsKt::superTypes (62 bytes)
Event: 14.285 Thread 0x000002807bc42010 nmethod 18106 0x00000280662f7b10 code [0x00000280662f7dc0, 0x00000280662f8d98]
Event: 14.285 Thread 0x000002807bc42010 18107       3       org.jetbrains.kotlin.ir.types.IrTypeUtilsKt::isSubtypeOfClass (39 bytes)
Event: 14.286 Thread 0x000002807bc42010 nmethod 18107 0x00000280662f6790 code [0x00000280662f6a40, 0x00000280662f76e8]

GC Heap History (20 events):
Event: 8.035 GC heap after
{Heap after GC invocations=26 (full 0):
 garbage-first heap   total 208896K, used 75365K [0x0000000082000000, 0x0000000100000000)
  region size 1024K, 16 young (16384K), 16 survivors (16384K)
 Metaspace       used 66084K, committed 66432K, reserved 1114112K
  class space    used 7527K, committed 7680K, reserved 1048576K
}
Event: 8.051 GC heap before
{Heap before GC invocations=26 (full 0):
 garbage-first heap   total 208896K, used 76389K [0x0000000082000000, 0x0000000100000000)
  region size 1024K, 17 young (17408K), 16 survivors (16384K)
 Metaspace       used 66106K, committed 66432K, reserved 1114112K
  class space    used 7527K, committed 7680K, reserved 1048576K
}
Event: 8.061 GC heap after
{Heap after GC invocations=27 (full 0):
 garbage-first heap   total 208896K, used 75640K [0x0000000082000000, 0x0000000100000000)
  region size 1024K, 2 young (2048K), 2 survivors (2048K)
 Metaspace       used 66106K, committed 66432K, reserved 1114112K
  class space    used 7527K, committed 7680K, reserved 1048576K
}
Event: 9.557 GC heap before
{Heap before GC invocations=27 (full 0):
 garbage-first heap   total 208896K, used 151416K [0x0000000082000000, 0x0000000100000000)
  region size 1024K, 76 young (77824K), 2 survivors (2048K)
 Metaspace       used 66798K, committed 67072K, reserved 1114112K
  class space    used 7551K, committed 7680K, reserved 1048576K
}
Event: 9.568 GC heap after
{Heap after GC invocations=28 (full 0):
 garbage-first heap   total 208896K, used 79736K [0x0000000082000000, 0x0000000100000000)
  region size 1024K, 6 young (6144K), 6 survivors (6144K)
 Metaspace       used 66798K, committed 67072K, reserved 1114112K
  class space    used 7551K, committed 7680K, reserved 1048576K
}
Event: 10.907 GC heap before
{Heap before GC invocations=28 (full 0):
 garbage-first heap   total 208896K, used 157560K [0x0000000082000000, 0x0000000100000000)
  region size 1024K, 81 young (82944K), 6 survivors (6144K)
 Metaspace       used 67599K, committed 67904K, reserved 1114112K
  class space    used 7606K, committed 7744K, reserved 1048576K
}
Event: 10.919 GC heap after
{Heap after GC invocations=29 (full 0):
 garbage-first heap   total 208896K, used 87800K [0x0000000082000000, 0x0000000100000000)
  region size 1024K, 7 young (7168K), 7 survivors (7168K)
 Metaspace       used 67599K, committed 67904K, reserved 1114112K
  class space    used 7606K, committed 7744K, reserved 1048576K
}
Event: 11.697 GC heap before
{Heap before GC invocations=29 (full 0):
 garbage-first heap   total 208896K, used 162552K [0x0000000082000000, 0x0000000100000000)
  region size 1024K, 80 young (81920K), 7 survivors (7168K)
 Metaspace       used 72993K, committed 73344K, reserved 1114112K
  class space    used 8143K, committed 8320K, reserved 1048576K
}
Event: 11.704 GC heap after
{Heap after GC invocations=30 (full 0):
 garbage-first heap   total 208896K, used 90319K [0x0000000082000000, 0x0000000100000000)
  region size 1024K, 4 young (4096K), 4 survivors (4096K)
 Metaspace       used 72993K, committed 73344K, reserved 1114112K
  class space    used 8143K, committed 8320K, reserved 1048576K
}
Event: 12.730 GC heap before
{Heap before GC invocations=30 (full 0):
 garbage-first heap   total 208896K, used 166095K [0x0000000082000000, 0x0000000100000000)
  region size 1024K, 78 young (79872K), 4 survivors (4096K)
 Metaspace       used 77572K, committed 77952K, reserved 1122304K
  class space    used 8598K, committed 8768K, reserved 1048576K
}
Event: 12.745 GC heap after
{Heap after GC invocations=31 (full 0):
 garbage-first heap   total 208896K, used 101851K [0x0000000082000000, 0x0000000100000000)
  region size 1024K, 10 young (10240K), 10 survivors (10240K)
 Metaspace       used 77572K, committed 77952K, reserved 1122304K
  class space    used 8598K, committed 8768K, reserved 1048576K
}
Event: 12.998 GC heap before
{Heap before GC invocations=31 (full 0):
 garbage-first heap   total 208896K, used 166363K [0x0000000082000000, 0x0000000100000000)
  region size 1024K, 73 young (74752K), 10 survivors (10240K)
 Metaspace       used 77973K, committed 78272K, reserved 1122304K
  class space    used 8634K, committed 8768K, reserved 1048576K
}
Event: 13.013 GC heap after
{Heap after GC invocations=32 (full 0):
 garbage-first heap   total 208896K, used 109534K [0x0000000082000000, 0x0000000100000000)
  region size 1024K, 7 young (7168K), 7 survivors (7168K)
 Metaspace       used 77973K, committed 78272K, reserved 1122304K
  class space    used 8634K, committed 8768K, reserved 1048576K
}
Event: 13.433 GC heap before
{Heap before GC invocations=32 (full 0):
 garbage-first heap   total 208896K, used 166878K [0x0000000082000000, 0x0000000100000000)
  region size 1024K, 63 young (64512K), 7 survivors (7168K)
 Metaspace       used 78381K, committed 78720K, reserved 1122304K
  class space    used 8653K, committed 8832K, reserved 1048576K
}
Event: 13.456 GC heap after
{Heap after GC invocations=33 (full 0):
 garbage-first heap   total 208896K, used 131991K [0x0000000082000000, 0x0000000100000000)
  region size 1024K, 8 young (8192K), 8 survivors (8192K)
 Metaspace       used 78381K, committed 78720K, reserved 1122304K
  class space    used 8653K, committed 8832K, reserved 1048576K
}
Event: 13.768 GC heap before
{Heap before GC invocations=34 (full 0):
 garbage-first heap   total 232448K, used 162711K [0x0000000082000000, 0x0000000100000000)
  region size 1024K, 38 young (38912K), 8 survivors (8192K)
 Metaspace       used 78786K, committed 79104K, reserved 1122304K
  class space    used 8682K, committed 8832K, reserved 1048576K
}
Event: 13.779 GC heap after
{Heap after GC invocations=35 (full 0):
 garbage-first heap   total 232448K, used 138715K [0x0000000082000000, 0x0000000100000000)
  region size 1024K, 5 young (5120K), 5 survivors (5120K)
 Metaspace       used 78786K, committed 79104K, reserved 1122304K
  class space    used 8682K, committed 8832K, reserved 1048576K
}
Event: 13.845 GC heap before
{Heap before GC invocations=35 (full 0):
 garbage-first heap   total 232448K, used 144859K [0x0000000082000000, 0x0000000100000000)
  region size 1024K, 11 young (11264K), 5 survivors (5120K)
 Metaspace       used 79256K, committed 79616K, reserved 1122304K
  class space    used 8728K, committed 8896K, reserved 1048576K
}
Event: 13.853 GC heap after
{Heap after GC invocations=36 (full 0):
 garbage-first heap   total 232448K, used 139088K [0x0000000082000000, 0x0000000100000000)
  region size 1024K, 1 young (1024K), 1 survivors (1024K)
 Metaspace       used 79256K, committed 79616K, reserved 1122304K
  class space    used 8728K, committed 8896K, reserved 1048576K
}
Event: 14.286 GC heap before
{Heap before GC invocations=36 (full 0):
 garbage-first heap   total 232448K, used 180048K [0x0000000082000000, 0x0000000100000000)
  region size 1024K, 41 young (41984K), 1 survivors (1024K)
 Metaspace       used 83977K, committed 84288K, reserved 1130496K
  class space    used 9250K, committed 9408K, reserved 1048576K
}

Dll operation events (2 events):
Event: 0.006 Loaded shared library C:\Program Files\Android\Android Studio\jbr\bin\java.dll
Event: 0.842 Loaded shared library C:\Program Files\Android\Android Studio\jbr\bin\verify.dll

Deoptimization events (20 events):
Event: 14.087 Thread 0x0000028061128270 Uncommon trap: trap_request=0xffffff45 fr.pc=0x000002806c3bb780 relative=0x00000000000000e0
Event: 14.087 Thread 0x0000028061128270 Uncommon trap: reason=unstable_if action=reinterpret pc=0x000002806c3bb780 method=kotlin.ranges.IntProgressionIterator.<init>(III)V @ 19 c2
Event: 14.087 Thread 0x0000028061128270 DEOPT PACKING pc=0x000002806c3bb780 sp=0x000000b97d2fd670
Event: 14.087 Thread 0x0000028061128270 DEOPT UNPACKING pc=0x000002806bb769a3 sp=0x000000b97d2fd590 mode 2
Event: 14.093 Thread 0x0000028061128270 Uncommon trap: trap_request=0xffffff45 fr.pc=0x000002806c8c5838 relative=0x0000000000001cb8
Event: 14.093 Thread 0x0000028061128270 Uncommon trap: reason=unstable_if action=reinterpret pc=0x000002806c8c5838 method=kotlin.collections.CollectionsKt___CollectionsKt.joinToString$default(Ljava/lang/Iterable;Ljava/lang/CharSequence;Ljava/lang/CharSequence;Ljava/lang/CharSequence;ILjava/lang
Event: 14.093 Thread 0x0000028061128270 DEOPT PACKING pc=0x000002806c8c5838 sp=0x000000b97d2fd4c0
Event: 14.093 Thread 0x0000028061128270 DEOPT UNPACKING pc=0x000002806bb769a3 sp=0x000000b97d2fd4f0 mode 2
Event: 14.112 Thread 0x0000028061128270 Uncommon trap: trap_request=0xffffff45 fr.pc=0x000002806c2e5dc8 relative=0x00000000000000c8
Event: 14.112 Thread 0x0000028061128270 Uncommon trap: reason=unstable_if action=reinterpret pc=0x000002806c2e5dc8 method=kotlin.internal.ProgressionUtilKt.getProgressionLastElement(III)I @ 2 c2
Event: 14.112 Thread 0x0000028061128270 DEOPT PACKING pc=0x000002806c2e5dc8 sp=0x000000b97d2fce20
Event: 14.112 Thread 0x0000028061128270 DEOPT UNPACKING pc=0x000002806bb769a3 sp=0x000000b97d2fcdb8 mode 2
Event: 14.240 Thread 0x0000028061128270 Uncommon trap: trap_request=0xffffffc6 fr.pc=0x000002806c80c108 relative=0x0000000000000548
Event: 14.240 Thread 0x0000028061128270 Uncommon trap: reason=bimorphic_or_optimized_type_check action=maybe_recompile pc=0x000002806c80c108 method=org.jetbrains.kotlin.descriptors.impl.FunctionDescriptorImpl.isOperator()Z @ 44 c2
Event: 14.240 Thread 0x0000028061128270 DEOPT PACKING pc=0x000002806c80c108 sp=0x000000b97d2fdb80
Event: 14.240 Thread 0x0000028061128270 DEOPT UNPACKING pc=0x000002806bb769a3 sp=0x000000b97d2fdb08 mode 2
Event: 14.240 Thread 0x0000028061128270 Uncommon trap: trap_request=0xffffffc6 fr.pc=0x000002806c30aaa4 relative=0x0000000000000564
Event: 14.240 Thread 0x0000028061128270 Uncommon trap: reason=bimorphic_or_optimized_type_check action=maybe_recompile pc=0x000002806c30aaa4 method=org.jetbrains.kotlin.descriptors.impl.FunctionDescriptorImpl.isInfix()Z @ 44 c2
Event: 14.240 Thread 0x0000028061128270 DEOPT PACKING pc=0x000002806c30aaa4 sp=0x000000b97d2fdb70
Event: 14.240 Thread 0x0000028061128270 DEOPT UNPACKING pc=0x000002806bb769a3 sp=0x000000b97d2fdb08 mode 2

Classes unloaded (0 events):
No events

Classes redefined (0 events):
No events

Internal exceptions (20 events):
Event: 5.294 Thread 0x0000028061128270 Implicit null exception at 0x000002806c11f30f to 0x000002806c11f389
Event: 5.354 Thread 0x0000028061128270 Exception <a 'java/lang/NoSuchMethodError'{0x000000008748c008}: 'int java.lang.invoke.DirectMethodHandle$Holder.invokeStaticInit(java.lang.Object, int)'> (0x000000008748c008) 
thrown [s\src\hotspot\share\interpreter\linkResolver.cpp, line 771]
Event: 5.370 Thread 0x0000028061128270 Implicit null exception at 0x000002806c2a91e0 to 0x000002806c2a99d4
Event: 5.760 Thread 0x0000028061128270 Implicit null exception at 0x000002806c0dbc72 to 0x000002806c0dc28c
Event: 5.774 Thread 0x0000028061128270 Exception <a 'java/lang/NoSuchMethodError'{0x0000000087de6a90}: 'java.lang.Object java.lang.invoke.DirectMethodHandle$Holder.invokeInterface(java.lang.Object, java.lang.Object, java.lang.Object)'> (0x0000000087de6a90) 
thrown [s\src\hotspot\share\interpreter\linkResolver.cpp, line 771]
Event: 5.774 Thread 0x0000028061128270 Exception <a 'java/lang/IncompatibleClassChangeError'{0x0000000087dea400}: Found class java.lang.Object, but interface was expected> (0x0000000087dea400) 
thrown [s\src\hotspot\share\interpreter\linkResolver.cpp, line 838]
Event: 5.780 Thread 0x0000028061128270 Implicit null exception at 0x000002806c0dd172 to 0x000002806c0dd78c
Event: 5.839 Thread 0x0000028061128270 Exception <a 'java/lang/NoSuchMethodError'{0x00000000878cc3e8}: 'java.lang.Object java.lang.invoke.DirectMethodHandle$Holder.newInvokeSpecial(java.lang.Object, java.lang.Object, java.lang.Object, java.lang.Object, java.lang.Object, java.lang.Object, java.lang.Object)'> (0x00000000878cc3e8) 
thrown [s\src\hotspot\share\interpreter\linkResolver.cpp, line 771]
Event: 5.839 Thread 0x0000028061128270 Exception <a 'java/lang/NoSuchMethodError'{0x00000000878d1248}: 'java.lang.Object java.lang.invoke.Invokers$Holder.linkToTargetMethod(java.lang.Object, java.lang.Object, java.lang.Object, java.lang.Object, java.lang.Object, java.lang.Object, java.lang.Object)'> (0x00000000878d1248) 
thrown [s\src\hotspot\share\interpreter\linkResolver.cpp, line 771]
Event: 7.375 Thread 0x0000028061128270 Implicit null exception at 0x000002806c554aaf to 0x000002806c554b80
Event: 11.393 Thread 0x0000028061128270 Implicit null exception at 0x000002806c304857 to 0x000002806c304df8
Event: 11.552 Thread 0x0000028061128270 Exception <a 'java/lang/NoSuchMethodError'{0x000000008b0ae9e0}: 'java.lang.Object java.lang.invoke.DirectMethodHandle$Holder.invokeStaticInit(java.lang.Object, java.lang.Object, java.lang.Object, java.lang.Object)'> (0x000000008b0ae9e0) 
thrown [s\src\hotspot\share\interpreter\linkResolver.cpp, line 771]
Event: 11.648 Thread 0x0000028061128270 Exception <a 'java/lang/NoSuchMethodError'{0x000000008a7e0040}: 'int java.lang.invoke.DirectMethodHandle$Holder.invokeStaticInit(java.lang.Object, java.lang.Object, java.lang.Object, java.lang.Object)'> (0x000000008a7e0040) 
thrown [s\src\hotspot\share\interpreter\linkResolver.cpp, line 771]
Event: 11.654 Thread 0x0000028061128270 Implicit null exception at 0x000002806c1279e0 to 0x000002806c127a7a
Event: 11.675 Thread 0x0000028061128270 Exception <a 'java/lang/NoSuchMethodError'{0x000000008a45d640}: 'java.lang.Object java.lang.invoke.DirectMethodHandle$Holder.newInvokeSpecial(java.lang.Object, java.lang.Object, java.lang.Object, int, int)'> (0x000000008a45d640) 
thrown [s\src\hotspot\share\interpreter\linkResolver.cpp, line 771]
Event: 11.675 Thread 0x0000028061128270 Exception <a 'java/lang/NoSuchMethodError'{0x000000008a461480}: 'java.lang.Object java.lang.invoke.DirectMethodHandle$Holder.invokeSpecial(java.lang.Object, java.lang.Object, java.lang.Object, java.lang.Object, int, int)'> (0x000000008a461480) 
thrown [s\src\hotspot\share\interpreter\linkResolver.cpp, line 771]
Event: 11.800 Thread 0x0000028061128270 Exception <a 'java/lang/NoSuchMethodError'{0x000000008e4a9348}: 'java.lang.Object java.lang.invoke.DirectMethodHandle$Holder.invokeSpecial(java.lang.Object, java.lang.Object, int, int, java.lang.Object, java.lang.Object, java.lang.Object, java.lang.Object, java.lang.Object)'> (0x000000008e4a9348) 
thrown [s\src\hotspot\share\interpreter\linkResolver.cpp, line 771]
Event: 12.155 Thread 0x0000028061128270 Implicit null exception at 0x000002806c12cd96 to 0x000002806c12d060
Event: 12.157 Thread 0x0000028061128270 Exception <a 'java/lang/NoSuchMethodError'{0x000000008d8feaf0}: 'java.lang.Object java.lang.invoke.DirectMethodHandle$Holder.newInvokeSpecial(java.lang.Object, java.lang.Object, int, int, java.lang.Object, java.lang.Object, java.lang.Object)'> (0x000000008d8feaf0) 
thrown [s\src\hotspot\share\interpreter\linkResolver.cpp, line 771]
Event: 12.157 Thread 0x0000028061128270 Exception <a 'java/lang/NoSuchMethodError'{0x000000008d703900}: 'java.lang.Object java.lang.invoke.DirectMethodHandle$Holder.invokeSpecial(java.lang.Object, java.lang.Object, java.lang.Object, int, int, java.lang.Object, java.lang.Object, java.lang.Object)'> (0x000000008d703900) 
thrown [s\src\hotspot\share\interpreter\linkResolver.cpp, line 771]

VM Operations (20 events):
Event: 14.025 Executing VM operation: HandshakeAllThreads done
Event: 14.027 Executing VM operation: HandshakeAllThreads
Event: 14.027 Executing VM operation: HandshakeAllThreads done
Event: 14.038 Executing VM operation: HandshakeAllThreads
Event: 14.038 Executing VM operation: HandshakeAllThreads done
Event: 14.091 Executing VM operation: ICBufferFull
Event: 14.092 Executing VM operation: ICBufferFull done
Event: 14.157 Executing VM operation: HandshakeAllThreads
Event: 14.157 Executing VM operation: HandshakeAllThreads done
Event: 14.215 Executing VM operation: HandshakeAllThreads
Event: 14.215 Executing VM operation: HandshakeAllThreads done
Event: 14.237 Executing VM operation: HandshakeAllThreads
Event: 14.237 Executing VM operation: HandshakeAllThreads done
Event: 14.251 Executing VM operation: HandshakeAllThreads
Event: 14.251 Executing VM operation: HandshakeAllThreads done
Event: 14.252 Executing VM operation: HandshakeAllThreads
Event: 14.252 Executing VM operation: HandshakeAllThreads done
Event: 14.252 Executing VM operation: ICBufferFull
Event: 14.252 Executing VM operation: ICBufferFull done
Event: 14.286 Executing VM operation: G1CollectForAllocation

Events (20 events):
Event: 14.245 Thread 0x000002807bc60d40 flushing nmethod 0x0000028064f4a910
Event: 14.245 Thread 0x000002807bc60d40 flushing nmethod 0x0000028064f60390
Event: 14.245 Thread 0x000002807bc60d40 flushing nmethod 0x0000028064f8ec10
Event: 14.245 Thread 0x000002807bc60d40 flushing nmethod 0x0000028064f8ef90
Event: 14.245 Thread 0x000002807bc60d40 flushing nmethod 0x0000028064fbf910
Event: 14.246 Thread 0x000002807bc60d40 flushing nmethod 0x00000280650e2990
Event: 14.246 Thread 0x000002807bc60d40 flushing nmethod 0x00000280650e3110
Event: 14.246 Thread 0x000002807bc60d40 flushing nmethod 0x00000280650e3710
Event: 14.246 Thread 0x000002807bc60d40 flushing nmethod 0x00000280651a3690
Event: 14.246 Thread 0x000002807bc60d40 flushing nmethod 0x0000028065255310
Event: 14.247 Thread 0x000002807bc60d40 flushing nmethod 0x00000280652e2410
Event: 14.247 Thread 0x000002807bc60d40 flushing nmethod 0x0000028065526790
Event: 14.248 Thread 0x000002807bc60d40 flushing nmethod 0x00000280656b6010
Event: 14.254 Thread 0x000002807bc60d40 flushing nmethod 0x0000028065be9c10
Event: 14.254 Thread 0x000002807bc60d40 flushing nmethod 0x0000028065d45710
Event: 14.254 Thread 0x000002807bc60d40 flushing nmethod 0x0000028065d5b410
Event: 14.254 Thread 0x000002807bc60d40 flushing nmethod 0x0000028065e15290
Event: 14.256 Thread 0x000002807bc60d40 flushing nmethod 0x0000028066050a10
Event: 14.257 Thread 0x000002807bc60d40 flushing nmethod 0x00000280662f5810
Event: 14.258 Thread 0x000002807bc60d40 flushing nmethod 0x0000028066537e10


Dynamic libraries:
0x00007ff6645d0000 - 0x00007ff6645da000 	C:\Program Files\Android\Android Studio\jbr\bin\java.exe
0x00007fffab790000 - 0x00007fffab9a7000 	C:\WINDOWS\SYSTEM32\ntdll.dll
0x00007fffa9e90000 - 0x00007fffa9f54000 	C:\WINDOWS\System32\KERNEL32.DLL
0x00007fffa8ff0000 - 0x00007fffa9396000 	C:\WINDOWS\System32\KERNELBASE.dll
0x00007fffa93d0000 - 0x00007fffa94e1000 	C:\WINDOWS\System32\ucrtbase.dll
0x00007fff954c0000 - 0x00007fff954d7000 	C:\Program Files\Android\Android Studio\jbr\bin\jli.dll
0x00007fff98560000 - 0x00007fff9857b000 	C:\Program Files\Android\Android Studio\jbr\bin\VCRUNTIME140.dll
0x00007fffa9570000 - 0x00007fffa971d000 	C:\WINDOWS\System32\USER32.dll
0x00007fff95150000 - 0x00007fff953e3000 	C:\WINDOWS\WinSxS\amd64_microsoft.windows.common-controls_6595b64144ccf1df_6.0.22621.2361_none_2712ced57382f843\COMCTL32.dll
0x00007fffa93a0000 - 0x00007fffa93c6000 	C:\WINDOWS\System32\win32u.dll
0x00007fffaad80000 - 0x00007fffaae27000 	C:\WINDOWS\System32\msvcrt.dll
0x00007fffaad50000 - 0x00007fffaad79000 	C:\WINDOWS\System32\GDI32.dll
0x00007fffa8d40000 - 0x00007fffa8e58000 	C:\WINDOWS\System32\gdi32full.dll
0x00007fffa8f50000 - 0x00007fffa8fea000 	C:\WINDOWS\System32\msvcp_win.dll
0x00007fffa9f60000 - 0x00007fffa9f91000 	C:\WINDOWS\System32\IMM32.DLL
0x00007fffa2190000 - 0x00007fffa219c000 	C:\Program Files\Android\Android Studio\jbr\bin\vcruntime140_1.dll
0x00007fff7a3d0000 - 0x00007fff7a45d000 	C:\Program Files\Android\Android Studio\jbr\bin\msvcp140.dll
0x00007fff61fa0000 - 0x00007fff62c0e000 	C:\Program Files\Android\Android Studio\jbr\bin\server\jvm.dll
0x00007fffaa610000 - 0x00007fffaa6c0000 	C:\WINDOWS\System32\ADVAPI32.dll
0x00007fffaae30000 - 0x00007fffaaed6000 	C:\WINDOWS\System32\sechost.dll
0x00007fffa9b60000 - 0x00007fffa9c77000 	C:\WINDOWS\System32\RPCRT4.dll
0x00007fffa0e30000 - 0x00007fffa0e64000 	C:\WINDOWS\SYSTEM32\WINMM.dll
0x00007fffa3bf0000 - 0x00007fffa3bf9000 	C:\WINDOWS\SYSTEM32\WSOCK32.dll
0x00007fffa0e70000 - 0x00007fffa0e7a000 	C:\WINDOWS\SYSTEM32\VERSION.dll
0x00007fffa94f0000 - 0x00007fffa9561000 	C:\WINDOWS\System32\WS2_32.dll
0x00007fffa7c40000 - 0x00007fffa7c58000 	C:\WINDOWS\SYSTEM32\kernel.appcore.dll
0x00007fff99130000 - 0x00007fff9913a000 	C:\Program Files\Android\Android Studio\jbr\bin\jimage.dll
0x00007fffa6470000 - 0x00007fffa669e000 	C:\WINDOWS\SYSTEM32\DBGHELP.DLL
0x00007fffa9740000 - 0x00007fffa9aca000 	C:\WINDOWS\System32\combase.dll
0x00007fffaa040000 - 0x00007fffaa117000 	C:\WINDOWS\System32\OLEAUT32.dll
0x00007fff91e50000 - 0x00007fff91e82000 	C:\WINDOWS\SYSTEM32\dbgcore.DLL
0x00007fffa8e60000 - 0x00007fffa8eda000 	C:\WINDOWS\System32\bcryptPrimitives.dll
0x00007fff98da0000 - 0x00007fff98dc5000 	C:\Program Files\Android\Android Studio\jbr\bin\java.dll
0x00007fff98a00000 - 0x00007fff98a18000 	C:\Program Files\Android\Android Studio\jbr\bin\zip.dll
0x00007fffaaee0000 - 0x00007fffab738000 	C:\WINDOWS\System32\SHELL32.dll
0x00007fffa6a80000 - 0x00007fffa7372000 	C:\WINDOWS\SYSTEM32\windows.storage.dll
0x00007fffa6940000 - 0x00007fffa6a7e000 	C:\WINDOWS\SYSTEM32\wintypes.dll
0x00007fffaa4a0000 - 0x00007fffaa593000 	C:\WINDOWS\System32\SHCORE.dll
0x00007fffaa180000 - 0x00007fffaa1de000 	C:\WINDOWS\System32\shlwapi.dll
0x00007fffa8a40000 - 0x00007fffa8a66000 	C:\WINDOWS\SYSTEM32\profapi.dll
0x00007fff98430000 - 0x00007fff98449000 	C:\Program Files\Android\Android Studio\jbr\bin\net.dll
0x00007fffa1090000 - 0x00007fffa11c7000 	C:\WINDOWS\SYSTEM32\WINHTTP.dll
0x00007fffa80c0000 - 0x00007fffa8129000 	C:\WINDOWS\system32\mswsock.dll
0x00007fff98000000 - 0x00007fff98016000 	C:\Program Files\Android\Android Studio\jbr\bin\nio.dll
0x00007fff99030000 - 0x00007fff99040000 	C:\Program Files\Android\Android Studio\jbr\bin\verify.dll

dbghelp: loaded successfully - version: 4.0.5 - missing functions: none
symbol engine: initialized successfully - sym options: 0x614 - pdb path: .;C:\Program Files\Android\Android Studio\jbr\bin;C:\WINDOWS\SYSTEM32;C:\WINDOWS\WinSxS\amd64_microsoft.windows.common-controls_6595b64144ccf1df_6.0.22621.2361_none_2712ced57382f843;C:\Program Files\Android\Android Studio\jbr\bin\server

VM Arguments:
java_command: org.jetbrains.kotlin.cli.jvm.K2JVMCompiler @D:\CODE\Jetpack\ManageFootball\app\build\20231104_6794010465219893353.compiler.options
java_class_path (initial): C:\Users\PC\.gradle\caches\modules-2\files-2.1\org.jetbrains.kotlin\kotlin-compiler-embeddable\1.7.20\8db18559a581dd2c36ddfd5046af145650f5b126\kotlin-compiler-embeddable-1.7.20.jar;C:\Users\PC\.gradle\caches\modules-2\files-2.1\org.jetbrains.kotlin\kotlin-reflect\1.7.20\12b2501e33bb6373e8e347c86d85481863629381\kotlin-reflect-1.7.20.jar;C:\Users\PC\.gradle\caches\modules-2\files-2.1\org.jetbrains.kotlin\kotlin-stdlib\1.7.20\726594ea9ba2beb2ee113647fefa9a10f9fabe52\kotlin-stdlib-1.7.20.jar;C:\Users\PC\.gradle\caches\modules-2\files-2.1\org.jetbrains.kotlin\kotlin-script-runtime\1.7.20\bcd1cc6f865e632550357fcc59f5ffd532615a8\kotlin-script-runtime-1.7.20.jar;C:\Users\PC\.gradle\caches\modules-2\files-2.1\org.jetbrains.kotlin\kotlin-daemon-embeddable\1.7.20\1e24355adad8d529d75d5b19eab55484057431ba\kotlin-daemon-embeddable-1.7.20.jar;C:\Users\PC\.gradle\caches\modules-2\files-2.1\org.jetbrains.intellij.deps\trove4j\1.0.20200330\3afb14d5f9ceb459d724e907a21145e8ff394f02\trove4j-1.0.20200330.jar;C:\Users\PC\.gradle\caches\modules-2\files-2.1\net.java.dev.jna\jna\5.6.0\330f2244e9030119ab3030fc3fededc86713d9cc\jna-5.6.0.jar;C:\Users\PC\.gradle\caches\modules-2\files-2.1\org.jetbrains.kotlin\kotlin-stdlib-common\1.7.20\e15351bdaf9fa06f009be5da7a202e4184f00ae3\kotlin-stdlib-common-1.7.20.jar;C:\Users\PC\.gradle\caches\modules-2\files-2.1\org.jetbrains\annotations\13.0\919f0dfe192fb4e063e7dacadee7f8bb9a2672a9\annotations-13.0.jar
Launcher Type: SUN_STANDARD

[Global flags]
     intx CICompilerCount                          = 4                                         {product} {ergonomic}
     uint ConcGCThreads                            = 3                                         {product} {ergonomic}
     uint G1ConcRefinementThreads                  = 10                                        {product} {ergonomic}
   size_t G1HeapRegionSize                         = 1048576                                   {product} {ergonomic}
    uintx GCDrainStackTargetSize                   = 64                                        {product} {ergonomic}
   size_t InitialHeapSize                          = 132120576                                 {product} {ergonomic}
   size_t MarkStackSize                            = 4194304                                   {product} {ergonomic}
   size_t MaxHeapSize                              = 2113929216                                {product} {ergonomic}
   size_t MaxNewSize                               = 1267728384                                {product} {ergonomic}
   size_t MinHeapDeltaBytes                        = 1048576                                   {product} {ergonomic}
   size_t MinHeapSize                              = 8388608                                   {product} {ergonomic}
    uintx NonNMethodCodeHeapSize                   = 5839372                                {pd product} {ergonomic}
    uintx NonProfiledCodeHeapSize                  = 122909434                              {pd product} {ergonomic}
    uintx ProfiledCodeHeapSize                     = 122909434                              {pd product} {ergonomic}
    uintx ReservedCodeCacheSize                    = 251658240                              {pd product} {ergonomic}
     bool SegmentedCodeCache                       = true                                      {product} {ergonomic}
   size_t SoftMaxHeapSize                          = 2113929216                             {manageable} {ergonomic}
     bool UseCompressedClassPointers               = true                           {product lp64_product} {ergonomic}
     bool UseCompressedOops                        = true                           {product lp64_product} {ergonomic}
     bool UseG1GC                                  = true                                      {product} {ergonomic}
     bool UseLargePagesIndividualAllocation        = false                                  {pd product} {ergonomic}

Logging:
Log output configuration:
 #0: stdout all=warning uptime,level,tags
 #1: stderr all=off uptime,level,tags

Environment Variables:
JAVA_HOME=C:\Program Files\Amazon Corretto\jdk11.0.14_10
PATH=C:\Program Files\Microsoft\jdk-11.0.16.101-hotspot\bin;C:\Program Files\Microsoft MPI\Bin\;C:\Program Files (x86)\Common Files\Intel\Shared Libraries\redist\intel64\compiler;C:\Program Files (x86)\Common Files\Intel\Shared Libraries\redist\ia32\compiler;C:\Program Files\Amazon Corretto\jdk11.0.14_10\bin;C:\Windows\system32;C:\Windows;C:\Windows\System32\Wbem;C:\Windows\System32\WindowsPowerShell\v1.0\;C:\Windows\System32\OpenSSH\;C:\Program Files\dotnet\;C:\WINDOWS\system32;C:\WINDOWS;C:\WINDOWS\System32\Wbem;C:\WINDOWS\System32\WindowsPowerShell\v1.0\;C:\WINDOWS\System32\OpenSSH\;C:\Program Files\Azure Data Studio\bin;C:\Program Files (x86)\Visual Leak Detector\bin\Win32;C:\Program Files (x86)\Visual Leak Detector\bin\Win64;C:\Program Files\IBM\SPSS\Statistics\22\JRE\bin;C:\Program Files\Git\cmd;C:\Users\PC\AppData\Local\Programs\Python\Python311\Scripts\;C:\Users\PC\AppData\Local\Programs\Python\Python311\;C:\Users\PC\AppData\Local\Microsoft\WindowsApps;C:\Users\PC\AppData\Local\Programs\Microsoft VS Code\bin;C:\msys64\mingw64\bin;C:\Program Files\Azure Data Studio\bin;E:\Flutter\flutter\bin;C:\Users\PC\.dotnet\tools
USERNAME=PC
OS=Windows_NT
PROCESSOR_IDENTIFIER=Intel64 Family 6 Model 165 Stepping 2, GenuineIntel
TMP=C:\Users\PC\AppData\Local\Temp
TEMP=C:\Users\PC\AppData\Local\Temp


JNI global refs:
JNI global refs: 11, weak refs: 0

JNI global refs memory usage: 843, weak refs: 841


---------------  S Y S T E M  ---------------

OS:
 Windows 11 , 64 bit Build 22621 (10.0.22621.2428)
OS uptime: 3 days 13:59 hours

CPU: total 12 (initial active 12) (6 cores per cpu, 2 threads per core) family 6 model 165 stepping 2 microcode 0xec, cx8, cmov, fxsr, ht, mmx, 3dnowpref, sse, sse2, sse3, ssse3, sse4.1, sse4.2, popcnt, lzcnt, tsc, tscinvbit, avx, avx2, aes, erms, clmul, bmi1, bmi2, adx, fma, vzeroupper, clflush, clflushopt

Memory: 4k page, system-wide physical 8059M (405M free)
TotalPageFile size 18059M (AvailPageFile size 150M)
current process WorkingSet (physical memory assigned to process): 495M, peak: 495M
current process commit charge ("private bytes"): 589M, peak: 786M

vm_info: OpenJDK 64-Bit Server VM (17.0.6+0-b2043.56-10027231) for windows-amd64 JRE (17.0.6+0-b2043.56-10027231), built on Apr 28 2023 00:43:19 by "androidbuild" with MS VC++ 16.10 / 16.11 (VS2019)

END.
